G75*
%MOIN*%
%OFA0B0*%
%FSLAX25Y25*%
%IPPOS*%
%LPD*%
%AMOC8*
5,1,8,0,0,1.08239X$1,22.5*
%
%ADD10C,0.00000*%
D10*
X0029059Y0104380D02*
X0666854Y0104380D01*
X0667330Y0104386D01*
X0667805Y0104403D01*
X0668280Y0104432D01*
X0668754Y0104472D01*
X0669227Y0104524D01*
X0669698Y0104587D01*
X0670168Y0104661D01*
X0670636Y0104747D01*
X0671102Y0104844D01*
X0671565Y0104952D01*
X0672025Y0105071D01*
X0672483Y0105202D01*
X0672937Y0105343D01*
X0673388Y0105496D01*
X0673834Y0105659D01*
X0674277Y0105833D01*
X0674715Y0106018D01*
X0675149Y0106213D01*
X0675578Y0106419D01*
X0676002Y0106635D01*
X0676421Y0106861D01*
X0676834Y0107097D01*
X0677241Y0107343D01*
X0677642Y0107599D01*
X0678036Y0107865D01*
X0678425Y0108140D01*
X0678806Y0108424D01*
X0679180Y0108717D01*
X0679548Y0109019D01*
X0679908Y0109331D01*
X0680260Y0109650D01*
X0680604Y0109978D01*
X0680941Y0110315D01*
X0681269Y0110659D01*
X0681588Y0111011D01*
X0681900Y0111371D01*
X0682202Y0111739D01*
X0682495Y0112113D01*
X0682779Y0112494D01*
X0683054Y0112883D01*
X0683320Y0113277D01*
X0683576Y0113678D01*
X0683822Y0114085D01*
X0684058Y0114498D01*
X0684284Y0114917D01*
X0684500Y0115341D01*
X0684706Y0115770D01*
X0684901Y0116204D01*
X0685086Y0116642D01*
X0685260Y0117085D01*
X0685423Y0117531D01*
X0685576Y0117982D01*
X0685717Y0118436D01*
X0685848Y0118894D01*
X0685967Y0119354D01*
X0686075Y0119817D01*
X0686172Y0120283D01*
X0686258Y0120751D01*
X0686332Y0121221D01*
X0686395Y0121692D01*
X0686447Y0122165D01*
X0686487Y0122639D01*
X0686516Y0123114D01*
X0686533Y0123589D01*
X0686539Y0124065D01*
X0686539Y0423278D01*
X0686533Y0423754D01*
X0686516Y0424229D01*
X0686487Y0424704D01*
X0686447Y0425178D01*
X0686395Y0425651D01*
X0686332Y0426122D01*
X0686258Y0426592D01*
X0686172Y0427060D01*
X0686075Y0427526D01*
X0685967Y0427989D01*
X0685848Y0428449D01*
X0685717Y0428907D01*
X0685576Y0429361D01*
X0685423Y0429812D01*
X0685260Y0430258D01*
X0685086Y0430701D01*
X0684901Y0431139D01*
X0684706Y0431573D01*
X0684500Y0432002D01*
X0684284Y0432426D01*
X0684058Y0432845D01*
X0683822Y0433258D01*
X0683576Y0433665D01*
X0683320Y0434066D01*
X0683054Y0434460D01*
X0682779Y0434849D01*
X0682495Y0435230D01*
X0682202Y0435604D01*
X0681900Y0435972D01*
X0681588Y0436332D01*
X0681269Y0436684D01*
X0680941Y0437028D01*
X0680604Y0437365D01*
X0680260Y0437693D01*
X0679908Y0438012D01*
X0679548Y0438324D01*
X0679180Y0438626D01*
X0678806Y0438919D01*
X0678425Y0439203D01*
X0678036Y0439478D01*
X0677642Y0439744D01*
X0677241Y0440000D01*
X0676834Y0440246D01*
X0676421Y0440482D01*
X0676002Y0440708D01*
X0675578Y0440924D01*
X0675149Y0441130D01*
X0674715Y0441325D01*
X0674277Y0441510D01*
X0673834Y0441684D01*
X0673388Y0441847D01*
X0672937Y0442000D01*
X0672483Y0442141D01*
X0672025Y0442272D01*
X0671565Y0442391D01*
X0671102Y0442499D01*
X0670636Y0442596D01*
X0670168Y0442682D01*
X0669698Y0442756D01*
X0669227Y0442819D01*
X0668754Y0442871D01*
X0668280Y0442911D01*
X0667805Y0442940D01*
X0667330Y0442957D01*
X0666854Y0442963D01*
X0029059Y0442963D01*
X0028583Y0442957D01*
X0028108Y0442940D01*
X0027633Y0442911D01*
X0027159Y0442871D01*
X0026686Y0442819D01*
X0026215Y0442756D01*
X0025745Y0442682D01*
X0025277Y0442596D01*
X0024811Y0442499D01*
X0024348Y0442391D01*
X0023888Y0442272D01*
X0023430Y0442141D01*
X0022976Y0442000D01*
X0022525Y0441847D01*
X0022079Y0441684D01*
X0021636Y0441510D01*
X0021198Y0441325D01*
X0020764Y0441130D01*
X0020335Y0440924D01*
X0019911Y0440708D01*
X0019492Y0440482D01*
X0019079Y0440246D01*
X0018672Y0440000D01*
X0018271Y0439744D01*
X0017877Y0439478D01*
X0017488Y0439203D01*
X0017107Y0438919D01*
X0016733Y0438626D01*
X0016365Y0438324D01*
X0016005Y0438012D01*
X0015653Y0437693D01*
X0015309Y0437365D01*
X0014972Y0437028D01*
X0014644Y0436684D01*
X0014325Y0436332D01*
X0014013Y0435972D01*
X0013711Y0435604D01*
X0013418Y0435230D01*
X0013134Y0434849D01*
X0012859Y0434460D01*
X0012593Y0434066D01*
X0012337Y0433665D01*
X0012091Y0433258D01*
X0011855Y0432845D01*
X0011629Y0432426D01*
X0011413Y0432002D01*
X0011207Y0431573D01*
X0011012Y0431139D01*
X0010827Y0430701D01*
X0010653Y0430258D01*
X0010490Y0429812D01*
X0010337Y0429361D01*
X0010196Y0428907D01*
X0010065Y0428449D01*
X0009946Y0427989D01*
X0009838Y0427526D01*
X0009741Y0427060D01*
X0009655Y0426592D01*
X0009581Y0426122D01*
X0009518Y0425651D01*
X0009466Y0425178D01*
X0009426Y0424704D01*
X0009397Y0424229D01*
X0009380Y0423754D01*
X0009374Y0423278D01*
X0009374Y0124065D01*
X0009380Y0123589D01*
X0009397Y0123114D01*
X0009426Y0122639D01*
X0009466Y0122165D01*
X0009518Y0121692D01*
X0009581Y0121221D01*
X0009655Y0120751D01*
X0009741Y0120283D01*
X0009838Y0119817D01*
X0009946Y0119354D01*
X0010065Y0118894D01*
X0010196Y0118436D01*
X0010337Y0117982D01*
X0010490Y0117531D01*
X0010653Y0117085D01*
X0010827Y0116642D01*
X0011012Y0116204D01*
X0011207Y0115770D01*
X0011413Y0115341D01*
X0011629Y0114917D01*
X0011855Y0114498D01*
X0012091Y0114085D01*
X0012337Y0113678D01*
X0012593Y0113277D01*
X0012859Y0112883D01*
X0013134Y0112494D01*
X0013418Y0112113D01*
X0013711Y0111739D01*
X0014013Y0111371D01*
X0014325Y0111011D01*
X0014644Y0110659D01*
X0014972Y0110315D01*
X0015309Y0109978D01*
X0015653Y0109650D01*
X0016005Y0109331D01*
X0016365Y0109019D01*
X0016733Y0108717D01*
X0017107Y0108424D01*
X0017488Y0108140D01*
X0017877Y0107865D01*
X0018271Y0107599D01*
X0018672Y0107343D01*
X0019079Y0107097D01*
X0019492Y0106861D01*
X0019911Y0106635D01*
X0020335Y0106419D01*
X0020764Y0106213D01*
X0021198Y0106018D01*
X0021636Y0105833D01*
X0022079Y0105659D01*
X0022525Y0105496D01*
X0022976Y0105343D01*
X0023430Y0105202D01*
X0023888Y0105071D01*
X0024348Y0104952D01*
X0024811Y0104844D01*
X0025277Y0104747D01*
X0025745Y0104661D01*
X0026215Y0104587D01*
X0026686Y0104524D01*
X0027159Y0104472D01*
X0027633Y0104432D01*
X0028108Y0104403D01*
X0028583Y0104386D01*
X0029059Y0104380D01*
X0052681Y0143750D02*
X0052683Y0143943D01*
X0052690Y0144136D01*
X0052702Y0144329D01*
X0052719Y0144522D01*
X0052740Y0144714D01*
X0052766Y0144905D01*
X0052797Y0145096D01*
X0052832Y0145286D01*
X0052872Y0145475D01*
X0052917Y0145663D01*
X0052966Y0145850D01*
X0053020Y0146036D01*
X0053078Y0146220D01*
X0053141Y0146403D01*
X0053209Y0146584D01*
X0053280Y0146763D01*
X0053357Y0146941D01*
X0053437Y0147117D01*
X0053522Y0147290D01*
X0053611Y0147462D01*
X0053704Y0147631D01*
X0053801Y0147798D01*
X0053903Y0147963D01*
X0054008Y0148125D01*
X0054117Y0148284D01*
X0054231Y0148441D01*
X0054348Y0148594D01*
X0054468Y0148745D01*
X0054593Y0148893D01*
X0054721Y0149038D01*
X0054852Y0149179D01*
X0054987Y0149318D01*
X0055126Y0149453D01*
X0055267Y0149584D01*
X0055412Y0149712D01*
X0055560Y0149837D01*
X0055711Y0149957D01*
X0055864Y0150074D01*
X0056021Y0150188D01*
X0056180Y0150297D01*
X0056342Y0150402D01*
X0056507Y0150504D01*
X0056674Y0150601D01*
X0056843Y0150694D01*
X0057015Y0150783D01*
X0057188Y0150868D01*
X0057364Y0150948D01*
X0057542Y0151025D01*
X0057721Y0151096D01*
X0057902Y0151164D01*
X0058085Y0151227D01*
X0058269Y0151285D01*
X0058455Y0151339D01*
X0058642Y0151388D01*
X0058830Y0151433D01*
X0059019Y0151473D01*
X0059209Y0151508D01*
X0059400Y0151539D01*
X0059591Y0151565D01*
X0059783Y0151586D01*
X0059976Y0151603D01*
X0060169Y0151615D01*
X0060362Y0151622D01*
X0060555Y0151624D01*
X0060748Y0151622D01*
X0060941Y0151615D01*
X0061134Y0151603D01*
X0061327Y0151586D01*
X0061519Y0151565D01*
X0061710Y0151539D01*
X0061901Y0151508D01*
X0062091Y0151473D01*
X0062280Y0151433D01*
X0062468Y0151388D01*
X0062655Y0151339D01*
X0062841Y0151285D01*
X0063025Y0151227D01*
X0063208Y0151164D01*
X0063389Y0151096D01*
X0063568Y0151025D01*
X0063746Y0150948D01*
X0063922Y0150868D01*
X0064095Y0150783D01*
X0064267Y0150694D01*
X0064436Y0150601D01*
X0064603Y0150504D01*
X0064768Y0150402D01*
X0064930Y0150297D01*
X0065089Y0150188D01*
X0065246Y0150074D01*
X0065399Y0149957D01*
X0065550Y0149837D01*
X0065698Y0149712D01*
X0065843Y0149584D01*
X0065984Y0149453D01*
X0066123Y0149318D01*
X0066258Y0149179D01*
X0066389Y0149038D01*
X0066517Y0148893D01*
X0066642Y0148745D01*
X0066762Y0148594D01*
X0066879Y0148441D01*
X0066993Y0148284D01*
X0067102Y0148125D01*
X0067207Y0147963D01*
X0067309Y0147798D01*
X0067406Y0147631D01*
X0067499Y0147462D01*
X0067588Y0147290D01*
X0067673Y0147117D01*
X0067753Y0146941D01*
X0067830Y0146763D01*
X0067901Y0146584D01*
X0067969Y0146403D01*
X0068032Y0146220D01*
X0068090Y0146036D01*
X0068144Y0145850D01*
X0068193Y0145663D01*
X0068238Y0145475D01*
X0068278Y0145286D01*
X0068313Y0145096D01*
X0068344Y0144905D01*
X0068370Y0144714D01*
X0068391Y0144522D01*
X0068408Y0144329D01*
X0068420Y0144136D01*
X0068427Y0143943D01*
X0068429Y0143750D01*
X0068427Y0143557D01*
X0068420Y0143364D01*
X0068408Y0143171D01*
X0068391Y0142978D01*
X0068370Y0142786D01*
X0068344Y0142595D01*
X0068313Y0142404D01*
X0068278Y0142214D01*
X0068238Y0142025D01*
X0068193Y0141837D01*
X0068144Y0141650D01*
X0068090Y0141464D01*
X0068032Y0141280D01*
X0067969Y0141097D01*
X0067901Y0140916D01*
X0067830Y0140737D01*
X0067753Y0140559D01*
X0067673Y0140383D01*
X0067588Y0140210D01*
X0067499Y0140038D01*
X0067406Y0139869D01*
X0067309Y0139702D01*
X0067207Y0139537D01*
X0067102Y0139375D01*
X0066993Y0139216D01*
X0066879Y0139059D01*
X0066762Y0138906D01*
X0066642Y0138755D01*
X0066517Y0138607D01*
X0066389Y0138462D01*
X0066258Y0138321D01*
X0066123Y0138182D01*
X0065984Y0138047D01*
X0065843Y0137916D01*
X0065698Y0137788D01*
X0065550Y0137663D01*
X0065399Y0137543D01*
X0065246Y0137426D01*
X0065089Y0137312D01*
X0064930Y0137203D01*
X0064768Y0137098D01*
X0064603Y0136996D01*
X0064436Y0136899D01*
X0064267Y0136806D01*
X0064095Y0136717D01*
X0063922Y0136632D01*
X0063746Y0136552D01*
X0063568Y0136475D01*
X0063389Y0136404D01*
X0063208Y0136336D01*
X0063025Y0136273D01*
X0062841Y0136215D01*
X0062655Y0136161D01*
X0062468Y0136112D01*
X0062280Y0136067D01*
X0062091Y0136027D01*
X0061901Y0135992D01*
X0061710Y0135961D01*
X0061519Y0135935D01*
X0061327Y0135914D01*
X0061134Y0135897D01*
X0060941Y0135885D01*
X0060748Y0135878D01*
X0060555Y0135876D01*
X0060362Y0135878D01*
X0060169Y0135885D01*
X0059976Y0135897D01*
X0059783Y0135914D01*
X0059591Y0135935D01*
X0059400Y0135961D01*
X0059209Y0135992D01*
X0059019Y0136027D01*
X0058830Y0136067D01*
X0058642Y0136112D01*
X0058455Y0136161D01*
X0058269Y0136215D01*
X0058085Y0136273D01*
X0057902Y0136336D01*
X0057721Y0136404D01*
X0057542Y0136475D01*
X0057364Y0136552D01*
X0057188Y0136632D01*
X0057015Y0136717D01*
X0056843Y0136806D01*
X0056674Y0136899D01*
X0056507Y0136996D01*
X0056342Y0137098D01*
X0056180Y0137203D01*
X0056021Y0137312D01*
X0055864Y0137426D01*
X0055711Y0137543D01*
X0055560Y0137663D01*
X0055412Y0137788D01*
X0055267Y0137916D01*
X0055126Y0138047D01*
X0054987Y0138182D01*
X0054852Y0138321D01*
X0054721Y0138462D01*
X0054593Y0138607D01*
X0054468Y0138755D01*
X0054348Y0138906D01*
X0054231Y0139059D01*
X0054117Y0139216D01*
X0054008Y0139375D01*
X0053903Y0139537D01*
X0053801Y0139702D01*
X0053704Y0139869D01*
X0053611Y0140038D01*
X0053522Y0140210D01*
X0053437Y0140383D01*
X0053357Y0140559D01*
X0053280Y0140737D01*
X0053209Y0140916D01*
X0053141Y0141097D01*
X0053078Y0141280D01*
X0053020Y0141464D01*
X0052966Y0141650D01*
X0052917Y0141837D01*
X0052872Y0142025D01*
X0052832Y0142214D01*
X0052797Y0142404D01*
X0052766Y0142595D01*
X0052740Y0142786D01*
X0052719Y0142978D01*
X0052702Y0143171D01*
X0052690Y0143364D01*
X0052683Y0143557D01*
X0052681Y0143750D01*
X0048744Y0194931D02*
X0158980Y0194931D01*
X0158980Y0206750D01*
X0063555Y0206750D01*
X0063448Y0206752D01*
X0063341Y0206758D01*
X0063234Y0206767D01*
X0063128Y0206781D01*
X0063022Y0206798D01*
X0062917Y0206819D01*
X0062813Y0206843D01*
X0062710Y0206872D01*
X0062608Y0206904D01*
X0062507Y0206939D01*
X0062407Y0206978D01*
X0062309Y0207021D01*
X0062212Y0207067D01*
X0062117Y0207117D01*
X0062024Y0207170D01*
X0061933Y0207226D01*
X0061844Y0207286D01*
X0061757Y0207348D01*
X0061673Y0207414D01*
X0061590Y0207483D01*
X0061511Y0207554D01*
X0061434Y0207629D01*
X0061359Y0207706D01*
X0061288Y0207785D01*
X0061219Y0207868D01*
X0061153Y0207952D01*
X0061091Y0208039D01*
X0061031Y0208128D01*
X0060975Y0208219D01*
X0060922Y0208312D01*
X0060872Y0208407D01*
X0060826Y0208504D01*
X0060783Y0208602D01*
X0060744Y0208702D01*
X0060709Y0208803D01*
X0060677Y0208905D01*
X0060648Y0209008D01*
X0060624Y0209112D01*
X0060603Y0209217D01*
X0060586Y0209323D01*
X0060572Y0209429D01*
X0060563Y0209536D01*
X0060557Y0209643D01*
X0060555Y0209750D01*
X0060555Y0210679D01*
X0048744Y0210679D01*
X0048744Y0194931D01*
X0048744Y0218553D02*
X0060555Y0218553D01*
X0060555Y0221450D01*
X0060557Y0221557D01*
X0060563Y0221664D01*
X0060572Y0221771D01*
X0060586Y0221877D01*
X0060603Y0221983D01*
X0060624Y0222088D01*
X0060648Y0222192D01*
X0060677Y0222295D01*
X0060709Y0222397D01*
X0060744Y0222498D01*
X0060783Y0222598D01*
X0060826Y0222696D01*
X0060872Y0222793D01*
X0060922Y0222888D01*
X0060975Y0222981D01*
X0061031Y0223072D01*
X0061091Y0223161D01*
X0061153Y0223248D01*
X0061219Y0223332D01*
X0061288Y0223415D01*
X0061359Y0223494D01*
X0061434Y0223571D01*
X0061511Y0223646D01*
X0061590Y0223717D01*
X0061673Y0223786D01*
X0061757Y0223852D01*
X0061844Y0223914D01*
X0061933Y0223974D01*
X0062024Y0224030D01*
X0062117Y0224083D01*
X0062212Y0224133D01*
X0062309Y0224179D01*
X0062407Y0224222D01*
X0062507Y0224261D01*
X0062608Y0224296D01*
X0062710Y0224328D01*
X0062813Y0224357D01*
X0062917Y0224381D01*
X0063022Y0224402D01*
X0063128Y0224419D01*
X0063234Y0224433D01*
X0063341Y0224442D01*
X0063448Y0224448D01*
X0063555Y0224450D01*
X0158980Y0224450D01*
X0158980Y0238238D01*
X0048744Y0238238D01*
X0048744Y0218553D01*
X0166854Y0224450D02*
X0166854Y0238238D01*
X0186539Y0238238D01*
X0296776Y0328789D01*
X0296776Y0332726D01*
X0310555Y0332726D01*
X0310555Y0322750D01*
X0192555Y0224450D01*
X0166854Y0224450D01*
X0166854Y0206750D02*
X0166854Y0194931D01*
X0198350Y0194931D01*
X0198350Y0183120D01*
X0212155Y0183120D01*
X0212155Y0206750D01*
X0166854Y0206750D01*
X0198350Y0175246D02*
X0212155Y0175246D01*
X0212155Y0151650D01*
X0212157Y0151459D01*
X0212164Y0151268D01*
X0212176Y0151078D01*
X0212192Y0150888D01*
X0212213Y0150698D01*
X0212238Y0150509D01*
X0212268Y0150320D01*
X0212302Y0150132D01*
X0212341Y0149945D01*
X0212385Y0149759D01*
X0212432Y0149575D01*
X0212485Y0149391D01*
X0212542Y0149209D01*
X0212603Y0149028D01*
X0212668Y0148849D01*
X0212738Y0148671D01*
X0212812Y0148495D01*
X0212891Y0148321D01*
X0212973Y0148149D01*
X0213060Y0147979D01*
X0213151Y0147811D01*
X0213245Y0147645D01*
X0213344Y0147482D01*
X0213447Y0147321D01*
X0213553Y0147162D01*
X0213664Y0147006D01*
X0213778Y0146853D01*
X0213896Y0146703D01*
X0214017Y0146556D01*
X0214142Y0146411D01*
X0214270Y0146270D01*
X0214402Y0146132D01*
X0214537Y0145997D01*
X0214675Y0145865D01*
X0214816Y0145737D01*
X0214961Y0145612D01*
X0215108Y0145491D01*
X0215258Y0145373D01*
X0215411Y0145259D01*
X0215567Y0145148D01*
X0215726Y0145042D01*
X0215887Y0144939D01*
X0216050Y0144840D01*
X0216216Y0144746D01*
X0216384Y0144655D01*
X0216554Y0144568D01*
X0216726Y0144486D01*
X0216900Y0144407D01*
X0217076Y0144333D01*
X0217254Y0144263D01*
X0217433Y0144198D01*
X0217614Y0144137D01*
X0217796Y0144080D01*
X0217980Y0144027D01*
X0218164Y0143980D01*
X0218350Y0143936D01*
X0218537Y0143897D01*
X0218725Y0143863D01*
X0218914Y0143833D01*
X0219103Y0143808D01*
X0219293Y0143787D01*
X0219483Y0143771D01*
X0219673Y0143759D01*
X0219864Y0143752D01*
X0220055Y0143750D01*
X0288902Y0143750D01*
X0288902Y0131939D01*
X0198350Y0131939D01*
X0198350Y0175246D01*
X0217821Y0155550D02*
X0217823Y0155678D01*
X0217829Y0155806D01*
X0217839Y0155933D01*
X0217853Y0156061D01*
X0217870Y0156187D01*
X0217892Y0156313D01*
X0217918Y0156439D01*
X0217947Y0156563D01*
X0217980Y0156687D01*
X0218017Y0156809D01*
X0218058Y0156930D01*
X0218103Y0157050D01*
X0218151Y0157169D01*
X0218203Y0157286D01*
X0218259Y0157401D01*
X0218318Y0157515D01*
X0218380Y0157626D01*
X0218446Y0157736D01*
X0218515Y0157843D01*
X0218588Y0157949D01*
X0218664Y0158052D01*
X0218743Y0158152D01*
X0218825Y0158251D01*
X0218910Y0158346D01*
X0218998Y0158439D01*
X0219089Y0158529D01*
X0219182Y0158616D01*
X0219279Y0158701D01*
X0219377Y0158782D01*
X0219479Y0158860D01*
X0219582Y0158935D01*
X0219688Y0159007D01*
X0219796Y0159076D01*
X0219906Y0159141D01*
X0220019Y0159202D01*
X0220133Y0159261D01*
X0220248Y0159315D01*
X0220366Y0159366D01*
X0220484Y0159414D01*
X0220605Y0159457D01*
X0220726Y0159497D01*
X0220849Y0159533D01*
X0220973Y0159566D01*
X0221098Y0159594D01*
X0221223Y0159619D01*
X0221349Y0159639D01*
X0221476Y0159656D01*
X0221604Y0159669D01*
X0221731Y0159678D01*
X0221859Y0159683D01*
X0221987Y0159684D01*
X0222115Y0159681D01*
X0222243Y0159674D01*
X0222370Y0159663D01*
X0222497Y0159648D01*
X0222624Y0159630D01*
X0222750Y0159607D01*
X0222875Y0159580D01*
X0222999Y0159550D01*
X0223122Y0159516D01*
X0223245Y0159478D01*
X0223366Y0159436D01*
X0223485Y0159390D01*
X0223603Y0159341D01*
X0223720Y0159288D01*
X0223835Y0159232D01*
X0223948Y0159172D01*
X0224059Y0159109D01*
X0224168Y0159042D01*
X0224275Y0158972D01*
X0224380Y0158898D01*
X0224482Y0158822D01*
X0224582Y0158742D01*
X0224680Y0158659D01*
X0224775Y0158573D01*
X0224867Y0158484D01*
X0224956Y0158393D01*
X0225043Y0158299D01*
X0225126Y0158202D01*
X0225207Y0158102D01*
X0225284Y0158001D01*
X0225359Y0157896D01*
X0225430Y0157790D01*
X0225497Y0157681D01*
X0225562Y0157571D01*
X0225622Y0157458D01*
X0225680Y0157344D01*
X0225733Y0157228D01*
X0225783Y0157110D01*
X0225830Y0156991D01*
X0225873Y0156870D01*
X0225912Y0156748D01*
X0225947Y0156625D01*
X0225978Y0156501D01*
X0226006Y0156376D01*
X0226029Y0156250D01*
X0226049Y0156124D01*
X0226065Y0155997D01*
X0226077Y0155870D01*
X0226085Y0155742D01*
X0226089Y0155614D01*
X0226089Y0155486D01*
X0226085Y0155358D01*
X0226077Y0155230D01*
X0226065Y0155103D01*
X0226049Y0154976D01*
X0226029Y0154850D01*
X0226006Y0154724D01*
X0225978Y0154599D01*
X0225947Y0154475D01*
X0225912Y0154352D01*
X0225873Y0154230D01*
X0225830Y0154109D01*
X0225783Y0153990D01*
X0225733Y0153872D01*
X0225680Y0153756D01*
X0225622Y0153642D01*
X0225562Y0153529D01*
X0225497Y0153419D01*
X0225430Y0153310D01*
X0225359Y0153204D01*
X0225284Y0153099D01*
X0225207Y0152998D01*
X0225126Y0152898D01*
X0225043Y0152801D01*
X0224956Y0152707D01*
X0224867Y0152616D01*
X0224775Y0152527D01*
X0224680Y0152441D01*
X0224582Y0152358D01*
X0224482Y0152278D01*
X0224380Y0152202D01*
X0224275Y0152128D01*
X0224168Y0152058D01*
X0224059Y0151991D01*
X0223948Y0151928D01*
X0223835Y0151868D01*
X0223720Y0151812D01*
X0223603Y0151759D01*
X0223485Y0151710D01*
X0223366Y0151664D01*
X0223245Y0151622D01*
X0223122Y0151584D01*
X0222999Y0151550D01*
X0222875Y0151520D01*
X0222750Y0151493D01*
X0222624Y0151470D01*
X0222497Y0151452D01*
X0222370Y0151437D01*
X0222243Y0151426D01*
X0222115Y0151419D01*
X0221987Y0151416D01*
X0221859Y0151417D01*
X0221731Y0151422D01*
X0221604Y0151431D01*
X0221476Y0151444D01*
X0221349Y0151461D01*
X0221223Y0151481D01*
X0221098Y0151506D01*
X0220973Y0151534D01*
X0220849Y0151567D01*
X0220726Y0151603D01*
X0220605Y0151643D01*
X0220484Y0151686D01*
X0220366Y0151734D01*
X0220248Y0151785D01*
X0220133Y0151839D01*
X0220019Y0151898D01*
X0219906Y0151959D01*
X0219796Y0152024D01*
X0219688Y0152093D01*
X0219582Y0152165D01*
X0219479Y0152240D01*
X0219377Y0152318D01*
X0219279Y0152399D01*
X0219182Y0152484D01*
X0219089Y0152571D01*
X0218998Y0152661D01*
X0218910Y0152754D01*
X0218825Y0152849D01*
X0218743Y0152948D01*
X0218664Y0153048D01*
X0218588Y0153151D01*
X0218515Y0153257D01*
X0218446Y0153364D01*
X0218380Y0153474D01*
X0218318Y0153585D01*
X0218259Y0153699D01*
X0218203Y0153814D01*
X0218151Y0153931D01*
X0218103Y0154050D01*
X0218058Y0154170D01*
X0218017Y0154291D01*
X0217980Y0154413D01*
X0217947Y0154537D01*
X0217918Y0154661D01*
X0217892Y0154787D01*
X0217870Y0154913D01*
X0217853Y0155039D01*
X0217839Y0155167D01*
X0217829Y0155294D01*
X0217823Y0155422D01*
X0217821Y0155550D01*
X0296776Y0143750D02*
X0296776Y0131939D01*
X0414886Y0131939D01*
X0414886Y0143750D01*
X0296776Y0143750D01*
X0210340Y0232496D02*
X0210342Y0232580D01*
X0210348Y0232663D01*
X0210358Y0232746D01*
X0210372Y0232829D01*
X0210389Y0232911D01*
X0210411Y0232992D01*
X0210436Y0233071D01*
X0210465Y0233150D01*
X0210498Y0233227D01*
X0210534Y0233302D01*
X0210574Y0233376D01*
X0210617Y0233448D01*
X0210664Y0233517D01*
X0210714Y0233584D01*
X0210767Y0233649D01*
X0210823Y0233711D01*
X0210881Y0233771D01*
X0210943Y0233828D01*
X0211007Y0233881D01*
X0211074Y0233932D01*
X0211143Y0233979D01*
X0211214Y0234024D01*
X0211287Y0234064D01*
X0211362Y0234101D01*
X0211439Y0234135D01*
X0211517Y0234165D01*
X0211596Y0234191D01*
X0211677Y0234214D01*
X0211759Y0234232D01*
X0211841Y0234247D01*
X0211924Y0234258D01*
X0212007Y0234265D01*
X0212091Y0234268D01*
X0212175Y0234267D01*
X0212258Y0234262D01*
X0212342Y0234253D01*
X0212424Y0234240D01*
X0212506Y0234224D01*
X0212587Y0234203D01*
X0212668Y0234179D01*
X0212746Y0234151D01*
X0212824Y0234119D01*
X0212900Y0234083D01*
X0212974Y0234044D01*
X0213046Y0234002D01*
X0213116Y0233956D01*
X0213184Y0233907D01*
X0213249Y0233855D01*
X0213312Y0233800D01*
X0213372Y0233742D01*
X0213430Y0233681D01*
X0213484Y0233617D01*
X0213536Y0233551D01*
X0213584Y0233483D01*
X0213629Y0233412D01*
X0213670Y0233339D01*
X0213709Y0233265D01*
X0213743Y0233189D01*
X0213774Y0233111D01*
X0213801Y0233032D01*
X0213825Y0232951D01*
X0213844Y0232870D01*
X0213860Y0232788D01*
X0213872Y0232705D01*
X0213880Y0232621D01*
X0213884Y0232538D01*
X0213884Y0232454D01*
X0213880Y0232371D01*
X0213872Y0232287D01*
X0213860Y0232204D01*
X0213844Y0232122D01*
X0213825Y0232041D01*
X0213801Y0231960D01*
X0213774Y0231881D01*
X0213743Y0231803D01*
X0213709Y0231727D01*
X0213670Y0231653D01*
X0213629Y0231580D01*
X0213584Y0231509D01*
X0213536Y0231441D01*
X0213484Y0231375D01*
X0213430Y0231311D01*
X0213372Y0231250D01*
X0213312Y0231192D01*
X0213249Y0231137D01*
X0213184Y0231085D01*
X0213116Y0231036D01*
X0213046Y0230990D01*
X0212974Y0230948D01*
X0212900Y0230909D01*
X0212824Y0230873D01*
X0212746Y0230841D01*
X0212668Y0230813D01*
X0212587Y0230789D01*
X0212506Y0230768D01*
X0212424Y0230752D01*
X0212342Y0230739D01*
X0212258Y0230730D01*
X0212175Y0230725D01*
X0212091Y0230724D01*
X0212007Y0230727D01*
X0211924Y0230734D01*
X0211841Y0230745D01*
X0211759Y0230760D01*
X0211677Y0230778D01*
X0211596Y0230801D01*
X0211517Y0230827D01*
X0211439Y0230857D01*
X0211362Y0230891D01*
X0211287Y0230928D01*
X0211214Y0230968D01*
X0211143Y0231013D01*
X0211074Y0231060D01*
X0211007Y0231111D01*
X0210943Y0231164D01*
X0210881Y0231221D01*
X0210823Y0231281D01*
X0210767Y0231343D01*
X0210714Y0231408D01*
X0210664Y0231475D01*
X0210617Y0231544D01*
X0210574Y0231616D01*
X0210534Y0231690D01*
X0210498Y0231765D01*
X0210465Y0231842D01*
X0210436Y0231921D01*
X0210411Y0232000D01*
X0210389Y0232081D01*
X0210372Y0232163D01*
X0210358Y0232246D01*
X0210348Y0232329D01*
X0210342Y0232412D01*
X0210340Y0232496D01*
X0219387Y0240088D02*
X0219389Y0240172D01*
X0219395Y0240255D01*
X0219405Y0240338D01*
X0219419Y0240421D01*
X0219436Y0240503D01*
X0219458Y0240584D01*
X0219483Y0240663D01*
X0219512Y0240742D01*
X0219545Y0240819D01*
X0219581Y0240894D01*
X0219621Y0240968D01*
X0219664Y0241040D01*
X0219711Y0241109D01*
X0219761Y0241176D01*
X0219814Y0241241D01*
X0219870Y0241303D01*
X0219928Y0241363D01*
X0219990Y0241420D01*
X0220054Y0241473D01*
X0220121Y0241524D01*
X0220190Y0241571D01*
X0220261Y0241616D01*
X0220334Y0241656D01*
X0220409Y0241693D01*
X0220486Y0241727D01*
X0220564Y0241757D01*
X0220643Y0241783D01*
X0220724Y0241806D01*
X0220806Y0241824D01*
X0220888Y0241839D01*
X0220971Y0241850D01*
X0221054Y0241857D01*
X0221138Y0241860D01*
X0221222Y0241859D01*
X0221305Y0241854D01*
X0221389Y0241845D01*
X0221471Y0241832D01*
X0221553Y0241816D01*
X0221634Y0241795D01*
X0221715Y0241771D01*
X0221793Y0241743D01*
X0221871Y0241711D01*
X0221947Y0241675D01*
X0222021Y0241636D01*
X0222093Y0241594D01*
X0222163Y0241548D01*
X0222231Y0241499D01*
X0222296Y0241447D01*
X0222359Y0241392D01*
X0222419Y0241334D01*
X0222477Y0241273D01*
X0222531Y0241209D01*
X0222583Y0241143D01*
X0222631Y0241075D01*
X0222676Y0241004D01*
X0222717Y0240931D01*
X0222756Y0240857D01*
X0222790Y0240781D01*
X0222821Y0240703D01*
X0222848Y0240624D01*
X0222872Y0240543D01*
X0222891Y0240462D01*
X0222907Y0240380D01*
X0222919Y0240297D01*
X0222927Y0240213D01*
X0222931Y0240130D01*
X0222931Y0240046D01*
X0222927Y0239963D01*
X0222919Y0239879D01*
X0222907Y0239796D01*
X0222891Y0239714D01*
X0222872Y0239633D01*
X0222848Y0239552D01*
X0222821Y0239473D01*
X0222790Y0239395D01*
X0222756Y0239319D01*
X0222717Y0239245D01*
X0222676Y0239172D01*
X0222631Y0239101D01*
X0222583Y0239033D01*
X0222531Y0238967D01*
X0222477Y0238903D01*
X0222419Y0238842D01*
X0222359Y0238784D01*
X0222296Y0238729D01*
X0222231Y0238677D01*
X0222163Y0238628D01*
X0222093Y0238582D01*
X0222021Y0238540D01*
X0221947Y0238501D01*
X0221871Y0238465D01*
X0221793Y0238433D01*
X0221715Y0238405D01*
X0221634Y0238381D01*
X0221553Y0238360D01*
X0221471Y0238344D01*
X0221389Y0238331D01*
X0221305Y0238322D01*
X0221222Y0238317D01*
X0221138Y0238316D01*
X0221054Y0238319D01*
X0220971Y0238326D01*
X0220888Y0238337D01*
X0220806Y0238352D01*
X0220724Y0238370D01*
X0220643Y0238393D01*
X0220564Y0238419D01*
X0220486Y0238449D01*
X0220409Y0238483D01*
X0220334Y0238520D01*
X0220261Y0238560D01*
X0220190Y0238605D01*
X0220121Y0238652D01*
X0220054Y0238703D01*
X0219990Y0238756D01*
X0219928Y0238813D01*
X0219870Y0238873D01*
X0219814Y0238935D01*
X0219761Y0239000D01*
X0219711Y0239067D01*
X0219664Y0239136D01*
X0219621Y0239208D01*
X0219581Y0239282D01*
X0219545Y0239357D01*
X0219512Y0239434D01*
X0219483Y0239513D01*
X0219458Y0239592D01*
X0219436Y0239673D01*
X0219419Y0239755D01*
X0219405Y0239838D01*
X0219395Y0239921D01*
X0219389Y0240004D01*
X0219387Y0240088D01*
X0321599Y0242150D02*
X0321601Y0242255D01*
X0321607Y0242360D01*
X0321617Y0242464D01*
X0321631Y0242568D01*
X0321649Y0242672D01*
X0321671Y0242774D01*
X0321696Y0242876D01*
X0321726Y0242977D01*
X0321759Y0243076D01*
X0321796Y0243174D01*
X0321837Y0243271D01*
X0321882Y0243366D01*
X0321930Y0243459D01*
X0321981Y0243551D01*
X0322037Y0243640D01*
X0322095Y0243727D01*
X0322157Y0243812D01*
X0322221Y0243895D01*
X0322289Y0243975D01*
X0322360Y0244052D01*
X0322434Y0244126D01*
X0322511Y0244198D01*
X0322590Y0244267D01*
X0322672Y0244332D01*
X0322756Y0244395D01*
X0322843Y0244454D01*
X0322932Y0244510D01*
X0323023Y0244563D01*
X0323116Y0244612D01*
X0323210Y0244657D01*
X0323306Y0244699D01*
X0323404Y0244737D01*
X0323503Y0244771D01*
X0323604Y0244802D01*
X0323705Y0244828D01*
X0323808Y0244851D01*
X0323911Y0244870D01*
X0324015Y0244885D01*
X0324119Y0244896D01*
X0324224Y0244903D01*
X0324329Y0244906D01*
X0324434Y0244905D01*
X0324539Y0244900D01*
X0324643Y0244891D01*
X0324747Y0244878D01*
X0324851Y0244861D01*
X0324954Y0244840D01*
X0325056Y0244815D01*
X0325157Y0244787D01*
X0325256Y0244754D01*
X0325355Y0244718D01*
X0325452Y0244678D01*
X0325547Y0244635D01*
X0325641Y0244587D01*
X0325733Y0244537D01*
X0325823Y0244483D01*
X0325911Y0244425D01*
X0325996Y0244364D01*
X0326079Y0244300D01*
X0326160Y0244233D01*
X0326238Y0244163D01*
X0326313Y0244089D01*
X0326385Y0244014D01*
X0326455Y0243935D01*
X0326521Y0243854D01*
X0326585Y0243770D01*
X0326645Y0243684D01*
X0326701Y0243596D01*
X0326755Y0243505D01*
X0326805Y0243413D01*
X0326851Y0243319D01*
X0326894Y0243223D01*
X0326933Y0243125D01*
X0326968Y0243027D01*
X0326999Y0242926D01*
X0327027Y0242825D01*
X0327051Y0242723D01*
X0327071Y0242620D01*
X0327087Y0242516D01*
X0327099Y0242412D01*
X0327107Y0242307D01*
X0327111Y0242202D01*
X0327111Y0242098D01*
X0327107Y0241993D01*
X0327099Y0241888D01*
X0327087Y0241784D01*
X0327071Y0241680D01*
X0327051Y0241577D01*
X0327027Y0241475D01*
X0326999Y0241374D01*
X0326968Y0241273D01*
X0326933Y0241175D01*
X0326894Y0241077D01*
X0326851Y0240981D01*
X0326805Y0240887D01*
X0326755Y0240795D01*
X0326701Y0240704D01*
X0326645Y0240616D01*
X0326585Y0240530D01*
X0326521Y0240446D01*
X0326455Y0240365D01*
X0326385Y0240286D01*
X0326313Y0240211D01*
X0326238Y0240137D01*
X0326160Y0240067D01*
X0326079Y0240000D01*
X0325996Y0239936D01*
X0325911Y0239875D01*
X0325823Y0239817D01*
X0325733Y0239763D01*
X0325641Y0239713D01*
X0325547Y0239665D01*
X0325452Y0239622D01*
X0325355Y0239582D01*
X0325256Y0239546D01*
X0325157Y0239513D01*
X0325056Y0239485D01*
X0324954Y0239460D01*
X0324851Y0239439D01*
X0324747Y0239422D01*
X0324643Y0239409D01*
X0324539Y0239400D01*
X0324434Y0239395D01*
X0324329Y0239394D01*
X0324224Y0239397D01*
X0324119Y0239404D01*
X0324015Y0239415D01*
X0323911Y0239430D01*
X0323808Y0239449D01*
X0323705Y0239472D01*
X0323604Y0239498D01*
X0323503Y0239529D01*
X0323404Y0239563D01*
X0323306Y0239601D01*
X0323210Y0239643D01*
X0323116Y0239688D01*
X0323023Y0239737D01*
X0322932Y0239790D01*
X0322843Y0239846D01*
X0322756Y0239905D01*
X0322672Y0239968D01*
X0322590Y0240033D01*
X0322511Y0240102D01*
X0322434Y0240174D01*
X0322360Y0240248D01*
X0322289Y0240325D01*
X0322221Y0240405D01*
X0322157Y0240488D01*
X0322095Y0240573D01*
X0322037Y0240660D01*
X0321981Y0240749D01*
X0321930Y0240841D01*
X0321882Y0240934D01*
X0321837Y0241029D01*
X0321796Y0241126D01*
X0321759Y0241224D01*
X0321726Y0241323D01*
X0321696Y0241424D01*
X0321671Y0241526D01*
X0321649Y0241628D01*
X0321631Y0241732D01*
X0321617Y0241836D01*
X0321607Y0241940D01*
X0321601Y0242045D01*
X0321599Y0242150D01*
X0338155Y0242150D02*
X0338155Y0240150D01*
X0338157Y0239998D01*
X0338163Y0239846D01*
X0338173Y0239695D01*
X0338186Y0239543D01*
X0338204Y0239392D01*
X0338225Y0239242D01*
X0338251Y0239092D01*
X0338280Y0238943D01*
X0338313Y0238795D01*
X0338350Y0238647D01*
X0338390Y0238501D01*
X0338434Y0238356D01*
X0338483Y0238212D01*
X0338534Y0238069D01*
X0338590Y0237927D01*
X0338649Y0237787D01*
X0338711Y0237649D01*
X0338778Y0237512D01*
X0338847Y0237377D01*
X0338920Y0237244D01*
X0338997Y0237113D01*
X0339077Y0236983D01*
X0339160Y0236856D01*
X0339246Y0236731D01*
X0339336Y0236609D01*
X0339429Y0236488D01*
X0339525Y0236371D01*
X0339623Y0236255D01*
X0339725Y0236142D01*
X0339830Y0236032D01*
X0339937Y0235925D01*
X0340047Y0235820D01*
X0340160Y0235718D01*
X0340276Y0235620D01*
X0340393Y0235524D01*
X0340514Y0235431D01*
X0340636Y0235341D01*
X0340761Y0235255D01*
X0340888Y0235172D01*
X0341018Y0235092D01*
X0341149Y0235015D01*
X0341282Y0234942D01*
X0341417Y0234873D01*
X0341554Y0234806D01*
X0341692Y0234744D01*
X0341832Y0234685D01*
X0341974Y0234629D01*
X0342117Y0234578D01*
X0342261Y0234529D01*
X0342406Y0234485D01*
X0342552Y0234445D01*
X0342700Y0234408D01*
X0342848Y0234375D01*
X0342997Y0234346D01*
X0343147Y0234320D01*
X0343297Y0234299D01*
X0343448Y0234281D01*
X0343600Y0234268D01*
X0343751Y0234258D01*
X0343903Y0234252D01*
X0344055Y0234250D01*
X0351955Y0234250D01*
X0352107Y0234252D01*
X0352259Y0234258D01*
X0352410Y0234268D01*
X0352562Y0234281D01*
X0352713Y0234299D01*
X0352863Y0234320D01*
X0353013Y0234346D01*
X0353162Y0234375D01*
X0353310Y0234408D01*
X0353458Y0234445D01*
X0353604Y0234485D01*
X0353749Y0234529D01*
X0353893Y0234578D01*
X0354036Y0234629D01*
X0354178Y0234685D01*
X0354318Y0234744D01*
X0354456Y0234806D01*
X0354593Y0234873D01*
X0354728Y0234942D01*
X0354861Y0235015D01*
X0354992Y0235092D01*
X0355122Y0235172D01*
X0355249Y0235255D01*
X0355374Y0235341D01*
X0355496Y0235431D01*
X0355617Y0235524D01*
X0355734Y0235620D01*
X0355850Y0235718D01*
X0355963Y0235820D01*
X0356073Y0235925D01*
X0356180Y0236032D01*
X0356285Y0236142D01*
X0356387Y0236255D01*
X0356485Y0236371D01*
X0356581Y0236488D01*
X0356674Y0236609D01*
X0356764Y0236731D01*
X0356850Y0236856D01*
X0356933Y0236983D01*
X0357013Y0237113D01*
X0357090Y0237244D01*
X0357163Y0237377D01*
X0357232Y0237512D01*
X0357299Y0237649D01*
X0357361Y0237787D01*
X0357420Y0237927D01*
X0357476Y0238069D01*
X0357527Y0238212D01*
X0357576Y0238356D01*
X0357620Y0238501D01*
X0357660Y0238647D01*
X0357697Y0238795D01*
X0357730Y0238943D01*
X0357759Y0239092D01*
X0357785Y0239242D01*
X0357806Y0239392D01*
X0357824Y0239543D01*
X0357837Y0239695D01*
X0357847Y0239846D01*
X0357853Y0239998D01*
X0357855Y0240150D01*
X0357855Y0242150D01*
X0357853Y0242302D01*
X0357847Y0242454D01*
X0357837Y0242605D01*
X0357824Y0242757D01*
X0357806Y0242908D01*
X0357785Y0243058D01*
X0357759Y0243208D01*
X0357730Y0243357D01*
X0357697Y0243505D01*
X0357660Y0243653D01*
X0357620Y0243799D01*
X0357576Y0243944D01*
X0357527Y0244088D01*
X0357476Y0244231D01*
X0357420Y0244373D01*
X0357361Y0244513D01*
X0357299Y0244651D01*
X0357232Y0244788D01*
X0357163Y0244923D01*
X0357090Y0245056D01*
X0357013Y0245187D01*
X0356933Y0245317D01*
X0356850Y0245444D01*
X0356764Y0245569D01*
X0356674Y0245691D01*
X0356581Y0245812D01*
X0356485Y0245929D01*
X0356387Y0246045D01*
X0356285Y0246158D01*
X0356180Y0246268D01*
X0356073Y0246375D01*
X0355963Y0246480D01*
X0355850Y0246582D01*
X0355734Y0246680D01*
X0355617Y0246776D01*
X0355496Y0246869D01*
X0355374Y0246959D01*
X0355249Y0247045D01*
X0355122Y0247128D01*
X0354992Y0247208D01*
X0354861Y0247285D01*
X0354728Y0247358D01*
X0354593Y0247427D01*
X0354456Y0247494D01*
X0354318Y0247556D01*
X0354178Y0247615D01*
X0354036Y0247671D01*
X0353893Y0247722D01*
X0353749Y0247771D01*
X0353604Y0247815D01*
X0353458Y0247855D01*
X0353310Y0247892D01*
X0353162Y0247925D01*
X0353013Y0247954D01*
X0352863Y0247980D01*
X0352713Y0248001D01*
X0352562Y0248019D01*
X0352410Y0248032D01*
X0352259Y0248042D01*
X0352107Y0248048D01*
X0351955Y0248050D01*
X0344055Y0248050D01*
X0343903Y0248048D01*
X0343751Y0248042D01*
X0343600Y0248032D01*
X0343448Y0248019D01*
X0343297Y0248001D01*
X0343147Y0247980D01*
X0342997Y0247954D01*
X0342848Y0247925D01*
X0342700Y0247892D01*
X0342552Y0247855D01*
X0342406Y0247815D01*
X0342261Y0247771D01*
X0342117Y0247722D01*
X0341974Y0247671D01*
X0341832Y0247615D01*
X0341692Y0247556D01*
X0341554Y0247494D01*
X0341417Y0247427D01*
X0341282Y0247358D01*
X0341149Y0247285D01*
X0341018Y0247208D01*
X0340888Y0247128D01*
X0340761Y0247045D01*
X0340636Y0246959D01*
X0340514Y0246869D01*
X0340393Y0246776D01*
X0340276Y0246680D01*
X0340160Y0246582D01*
X0340047Y0246480D01*
X0339937Y0246375D01*
X0339830Y0246268D01*
X0339725Y0246158D01*
X0339623Y0246045D01*
X0339525Y0245929D01*
X0339429Y0245812D01*
X0339336Y0245691D01*
X0339246Y0245569D01*
X0339160Y0245444D01*
X0339077Y0245317D01*
X0338997Y0245187D01*
X0338920Y0245056D01*
X0338847Y0244923D01*
X0338778Y0244788D01*
X0338711Y0244651D01*
X0338649Y0244513D01*
X0338590Y0244373D01*
X0338534Y0244231D01*
X0338483Y0244088D01*
X0338434Y0243944D01*
X0338390Y0243799D01*
X0338350Y0243653D01*
X0338313Y0243505D01*
X0338280Y0243357D01*
X0338251Y0243208D01*
X0338225Y0243058D01*
X0338204Y0242908D01*
X0338186Y0242757D01*
X0338173Y0242605D01*
X0338163Y0242454D01*
X0338157Y0242302D01*
X0338155Y0242150D01*
X0368799Y0242150D02*
X0368801Y0242255D01*
X0368807Y0242360D01*
X0368817Y0242464D01*
X0368831Y0242568D01*
X0368849Y0242672D01*
X0368871Y0242774D01*
X0368896Y0242876D01*
X0368926Y0242977D01*
X0368959Y0243076D01*
X0368996Y0243174D01*
X0369037Y0243271D01*
X0369082Y0243366D01*
X0369130Y0243459D01*
X0369181Y0243551D01*
X0369237Y0243640D01*
X0369295Y0243727D01*
X0369357Y0243812D01*
X0369421Y0243895D01*
X0369489Y0243975D01*
X0369560Y0244052D01*
X0369634Y0244126D01*
X0369711Y0244198D01*
X0369790Y0244267D01*
X0369872Y0244332D01*
X0369956Y0244395D01*
X0370043Y0244454D01*
X0370132Y0244510D01*
X0370223Y0244563D01*
X0370316Y0244612D01*
X0370410Y0244657D01*
X0370506Y0244699D01*
X0370604Y0244737D01*
X0370703Y0244771D01*
X0370804Y0244802D01*
X0370905Y0244828D01*
X0371008Y0244851D01*
X0371111Y0244870D01*
X0371215Y0244885D01*
X0371319Y0244896D01*
X0371424Y0244903D01*
X0371529Y0244906D01*
X0371634Y0244905D01*
X0371739Y0244900D01*
X0371843Y0244891D01*
X0371947Y0244878D01*
X0372051Y0244861D01*
X0372154Y0244840D01*
X0372256Y0244815D01*
X0372357Y0244787D01*
X0372456Y0244754D01*
X0372555Y0244718D01*
X0372652Y0244678D01*
X0372747Y0244635D01*
X0372841Y0244587D01*
X0372933Y0244537D01*
X0373023Y0244483D01*
X0373111Y0244425D01*
X0373196Y0244364D01*
X0373279Y0244300D01*
X0373360Y0244233D01*
X0373438Y0244163D01*
X0373513Y0244089D01*
X0373585Y0244014D01*
X0373655Y0243935D01*
X0373721Y0243854D01*
X0373785Y0243770D01*
X0373845Y0243684D01*
X0373901Y0243596D01*
X0373955Y0243505D01*
X0374005Y0243413D01*
X0374051Y0243319D01*
X0374094Y0243223D01*
X0374133Y0243125D01*
X0374168Y0243027D01*
X0374199Y0242926D01*
X0374227Y0242825D01*
X0374251Y0242723D01*
X0374271Y0242620D01*
X0374287Y0242516D01*
X0374299Y0242412D01*
X0374307Y0242307D01*
X0374311Y0242202D01*
X0374311Y0242098D01*
X0374307Y0241993D01*
X0374299Y0241888D01*
X0374287Y0241784D01*
X0374271Y0241680D01*
X0374251Y0241577D01*
X0374227Y0241475D01*
X0374199Y0241374D01*
X0374168Y0241273D01*
X0374133Y0241175D01*
X0374094Y0241077D01*
X0374051Y0240981D01*
X0374005Y0240887D01*
X0373955Y0240795D01*
X0373901Y0240704D01*
X0373845Y0240616D01*
X0373785Y0240530D01*
X0373721Y0240446D01*
X0373655Y0240365D01*
X0373585Y0240286D01*
X0373513Y0240211D01*
X0373438Y0240137D01*
X0373360Y0240067D01*
X0373279Y0240000D01*
X0373196Y0239936D01*
X0373111Y0239875D01*
X0373023Y0239817D01*
X0372933Y0239763D01*
X0372841Y0239713D01*
X0372747Y0239665D01*
X0372652Y0239622D01*
X0372555Y0239582D01*
X0372456Y0239546D01*
X0372357Y0239513D01*
X0372256Y0239485D01*
X0372154Y0239460D01*
X0372051Y0239439D01*
X0371947Y0239422D01*
X0371843Y0239409D01*
X0371739Y0239400D01*
X0371634Y0239395D01*
X0371529Y0239394D01*
X0371424Y0239397D01*
X0371319Y0239404D01*
X0371215Y0239415D01*
X0371111Y0239430D01*
X0371008Y0239449D01*
X0370905Y0239472D01*
X0370804Y0239498D01*
X0370703Y0239529D01*
X0370604Y0239563D01*
X0370506Y0239601D01*
X0370410Y0239643D01*
X0370316Y0239688D01*
X0370223Y0239737D01*
X0370132Y0239790D01*
X0370043Y0239846D01*
X0369956Y0239905D01*
X0369872Y0239968D01*
X0369790Y0240033D01*
X0369711Y0240102D01*
X0369634Y0240174D01*
X0369560Y0240248D01*
X0369489Y0240325D01*
X0369421Y0240405D01*
X0369357Y0240488D01*
X0369295Y0240573D01*
X0369237Y0240660D01*
X0369181Y0240749D01*
X0369130Y0240841D01*
X0369082Y0240934D01*
X0369037Y0241029D01*
X0368996Y0241126D01*
X0368959Y0241224D01*
X0368926Y0241323D01*
X0368896Y0241424D01*
X0368871Y0241526D01*
X0368849Y0241628D01*
X0368831Y0241732D01*
X0368817Y0241836D01*
X0368807Y0241940D01*
X0368801Y0242045D01*
X0368799Y0242150D01*
X0353957Y0301250D02*
X0342055Y0301250D01*
X0341932Y0301252D01*
X0341810Y0301258D01*
X0341688Y0301267D01*
X0341566Y0301281D01*
X0341445Y0301298D01*
X0341324Y0301319D01*
X0341204Y0301344D01*
X0341085Y0301373D01*
X0340966Y0301405D01*
X0340849Y0301441D01*
X0340733Y0301481D01*
X0340619Y0301524D01*
X0340505Y0301571D01*
X0340394Y0301621D01*
X0340284Y0301675D01*
X0340175Y0301733D01*
X0340069Y0301793D01*
X0339964Y0301857D01*
X0339862Y0301925D01*
X0339761Y0301995D01*
X0339663Y0302069D01*
X0339568Y0302145D01*
X0339475Y0302225D01*
X0339384Y0302308D01*
X0339296Y0302393D01*
X0339211Y0302481D01*
X0339128Y0302572D01*
X0339048Y0302665D01*
X0338972Y0302760D01*
X0338898Y0302858D01*
X0338828Y0302959D01*
X0338760Y0303061D01*
X0338696Y0303166D01*
X0338636Y0303272D01*
X0338578Y0303381D01*
X0338524Y0303491D01*
X0338474Y0303602D01*
X0338427Y0303716D01*
X0338384Y0303830D01*
X0338344Y0303946D01*
X0338308Y0304063D01*
X0338276Y0304182D01*
X0338247Y0304301D01*
X0338222Y0304421D01*
X0338201Y0304542D01*
X0338184Y0304663D01*
X0338170Y0304785D01*
X0338161Y0304907D01*
X0338155Y0305029D01*
X0338153Y0305152D01*
X0338154Y0305152D02*
X0338154Y0311049D01*
X0334453Y0314750D01*
X0334453Y0324049D01*
X0342563Y0335876D01*
X0344155Y0336650D02*
X0351955Y0336650D01*
X0352036Y0336653D01*
X0352117Y0336652D01*
X0352199Y0336648D01*
X0352280Y0336639D01*
X0352360Y0336628D01*
X0352440Y0336612D01*
X0352519Y0336593D01*
X0352597Y0336570D01*
X0352675Y0336544D01*
X0352750Y0336514D01*
X0352825Y0336481D01*
X0352897Y0336445D01*
X0352969Y0336405D01*
X0353038Y0336362D01*
X0353105Y0336317D01*
X0353170Y0336268D01*
X0353233Y0336216D01*
X0353293Y0336161D01*
X0353351Y0336104D01*
X0353406Y0336044D01*
X0353458Y0335982D01*
X0353508Y0335917D01*
X0353554Y0335850D01*
X0344155Y0336650D02*
X0344068Y0336649D01*
X0343980Y0336644D01*
X0343893Y0336635D01*
X0343807Y0336623D01*
X0343721Y0336607D01*
X0343636Y0336587D01*
X0343552Y0336563D01*
X0343469Y0336535D01*
X0343387Y0336504D01*
X0343307Y0336469D01*
X0343229Y0336431D01*
X0343152Y0336390D01*
X0343077Y0336345D01*
X0343004Y0336296D01*
X0342933Y0336245D01*
X0342865Y0336191D01*
X0342799Y0336133D01*
X0342736Y0336073D01*
X0342676Y0336010D01*
X0342618Y0335944D01*
X0342563Y0335876D01*
X0361657Y0324049D02*
X0361657Y0314852D01*
X0357854Y0311049D01*
X0357854Y0305152D01*
X0353957Y0301250D02*
X0353957Y0301250D01*
X0353958Y0301250D02*
X0354080Y0301252D01*
X0354203Y0301258D01*
X0354325Y0301268D01*
X0354446Y0301281D01*
X0354568Y0301298D01*
X0354688Y0301320D01*
X0354808Y0301345D01*
X0354927Y0301373D01*
X0355046Y0301406D01*
X0355163Y0301442D01*
X0355279Y0301481D01*
X0355393Y0301525D01*
X0355506Y0301572D01*
X0355618Y0301622D01*
X0355728Y0301676D01*
X0355836Y0301734D01*
X0355942Y0301794D01*
X0356047Y0301858D01*
X0356149Y0301926D01*
X0356249Y0301996D01*
X0356347Y0302070D01*
X0356443Y0302147D01*
X0356536Y0302226D01*
X0356626Y0302309D01*
X0356714Y0302394D01*
X0356800Y0302482D01*
X0356882Y0302573D01*
X0356961Y0302666D01*
X0357038Y0302761D01*
X0357112Y0302859D01*
X0357182Y0302960D01*
X0357249Y0303062D01*
X0357313Y0303167D01*
X0357374Y0303273D01*
X0357431Y0303381D01*
X0357485Y0303491D01*
X0357535Y0303603D01*
X0357582Y0303716D01*
X0357625Y0303831D01*
X0357665Y0303947D01*
X0357701Y0304064D01*
X0357733Y0304182D01*
X0357762Y0304301D01*
X0357786Y0304421D01*
X0357807Y0304542D01*
X0357825Y0304663D01*
X0357838Y0304785D01*
X0357847Y0304907D01*
X0357853Y0305029D01*
X0357855Y0305152D01*
X0368799Y0309050D02*
X0368801Y0309155D01*
X0368807Y0309260D01*
X0368817Y0309364D01*
X0368831Y0309468D01*
X0368849Y0309572D01*
X0368871Y0309674D01*
X0368896Y0309776D01*
X0368926Y0309877D01*
X0368959Y0309976D01*
X0368996Y0310074D01*
X0369037Y0310171D01*
X0369082Y0310266D01*
X0369130Y0310359D01*
X0369181Y0310451D01*
X0369237Y0310540D01*
X0369295Y0310627D01*
X0369357Y0310712D01*
X0369421Y0310795D01*
X0369489Y0310875D01*
X0369560Y0310952D01*
X0369634Y0311026D01*
X0369711Y0311098D01*
X0369790Y0311167D01*
X0369872Y0311232D01*
X0369956Y0311295D01*
X0370043Y0311354D01*
X0370132Y0311410D01*
X0370223Y0311463D01*
X0370316Y0311512D01*
X0370410Y0311557D01*
X0370506Y0311599D01*
X0370604Y0311637D01*
X0370703Y0311671D01*
X0370804Y0311702D01*
X0370905Y0311728D01*
X0371008Y0311751D01*
X0371111Y0311770D01*
X0371215Y0311785D01*
X0371319Y0311796D01*
X0371424Y0311803D01*
X0371529Y0311806D01*
X0371634Y0311805D01*
X0371739Y0311800D01*
X0371843Y0311791D01*
X0371947Y0311778D01*
X0372051Y0311761D01*
X0372154Y0311740D01*
X0372256Y0311715D01*
X0372357Y0311687D01*
X0372456Y0311654D01*
X0372555Y0311618D01*
X0372652Y0311578D01*
X0372747Y0311535D01*
X0372841Y0311487D01*
X0372933Y0311437D01*
X0373023Y0311383D01*
X0373111Y0311325D01*
X0373196Y0311264D01*
X0373279Y0311200D01*
X0373360Y0311133D01*
X0373438Y0311063D01*
X0373513Y0310989D01*
X0373585Y0310914D01*
X0373655Y0310835D01*
X0373721Y0310754D01*
X0373785Y0310670D01*
X0373845Y0310584D01*
X0373901Y0310496D01*
X0373955Y0310405D01*
X0374005Y0310313D01*
X0374051Y0310219D01*
X0374094Y0310123D01*
X0374133Y0310025D01*
X0374168Y0309927D01*
X0374199Y0309826D01*
X0374227Y0309725D01*
X0374251Y0309623D01*
X0374271Y0309520D01*
X0374287Y0309416D01*
X0374299Y0309312D01*
X0374307Y0309207D01*
X0374311Y0309102D01*
X0374311Y0308998D01*
X0374307Y0308893D01*
X0374299Y0308788D01*
X0374287Y0308684D01*
X0374271Y0308580D01*
X0374251Y0308477D01*
X0374227Y0308375D01*
X0374199Y0308274D01*
X0374168Y0308173D01*
X0374133Y0308075D01*
X0374094Y0307977D01*
X0374051Y0307881D01*
X0374005Y0307787D01*
X0373955Y0307695D01*
X0373901Y0307604D01*
X0373845Y0307516D01*
X0373785Y0307430D01*
X0373721Y0307346D01*
X0373655Y0307265D01*
X0373585Y0307186D01*
X0373513Y0307111D01*
X0373438Y0307037D01*
X0373360Y0306967D01*
X0373279Y0306900D01*
X0373196Y0306836D01*
X0373111Y0306775D01*
X0373023Y0306717D01*
X0372933Y0306663D01*
X0372841Y0306613D01*
X0372747Y0306565D01*
X0372652Y0306522D01*
X0372555Y0306482D01*
X0372456Y0306446D01*
X0372357Y0306413D01*
X0372256Y0306385D01*
X0372154Y0306360D01*
X0372051Y0306339D01*
X0371947Y0306322D01*
X0371843Y0306309D01*
X0371739Y0306300D01*
X0371634Y0306295D01*
X0371529Y0306294D01*
X0371424Y0306297D01*
X0371319Y0306304D01*
X0371215Y0306315D01*
X0371111Y0306330D01*
X0371008Y0306349D01*
X0370905Y0306372D01*
X0370804Y0306398D01*
X0370703Y0306429D01*
X0370604Y0306463D01*
X0370506Y0306501D01*
X0370410Y0306543D01*
X0370316Y0306588D01*
X0370223Y0306637D01*
X0370132Y0306690D01*
X0370043Y0306746D01*
X0369956Y0306805D01*
X0369872Y0306868D01*
X0369790Y0306933D01*
X0369711Y0307002D01*
X0369634Y0307074D01*
X0369560Y0307148D01*
X0369489Y0307225D01*
X0369421Y0307305D01*
X0369357Y0307388D01*
X0369295Y0307473D01*
X0369237Y0307560D01*
X0369181Y0307649D01*
X0369130Y0307741D01*
X0369082Y0307834D01*
X0369037Y0307929D01*
X0368996Y0308026D01*
X0368959Y0308124D01*
X0368926Y0308223D01*
X0368896Y0308324D01*
X0368871Y0308426D01*
X0368849Y0308528D01*
X0368831Y0308632D01*
X0368817Y0308736D01*
X0368807Y0308840D01*
X0368801Y0308945D01*
X0368799Y0309050D01*
X0385355Y0322750D02*
X0385355Y0332726D01*
X0399138Y0332726D01*
X0399138Y0328789D01*
X0509374Y0238238D01*
X0529059Y0238238D01*
X0529059Y0224450D01*
X0503355Y0224450D01*
X0385355Y0322750D01*
X0385355Y0340600D02*
X0399138Y0340600D01*
X0399138Y0379970D01*
X0355831Y0415404D01*
X0351894Y0415404D01*
X0351894Y0403081D01*
X0354155Y0401750D02*
X0382555Y0378350D01*
X0385355Y0372350D02*
X0385355Y0340600D01*
X0367640Y0347521D02*
X0367642Y0347609D01*
X0367648Y0347697D01*
X0367658Y0347785D01*
X0367672Y0347873D01*
X0367689Y0347959D01*
X0367711Y0348045D01*
X0367736Y0348129D01*
X0367766Y0348213D01*
X0367798Y0348295D01*
X0367835Y0348375D01*
X0367875Y0348454D01*
X0367919Y0348531D01*
X0367966Y0348606D01*
X0368016Y0348678D01*
X0368070Y0348749D01*
X0368126Y0348816D01*
X0368186Y0348882D01*
X0368248Y0348944D01*
X0368314Y0349004D01*
X0368381Y0349060D01*
X0368452Y0349114D01*
X0368524Y0349164D01*
X0368599Y0349211D01*
X0368676Y0349255D01*
X0368755Y0349295D01*
X0368835Y0349332D01*
X0368917Y0349364D01*
X0369001Y0349394D01*
X0369085Y0349419D01*
X0369171Y0349441D01*
X0369257Y0349458D01*
X0369345Y0349472D01*
X0369433Y0349482D01*
X0369521Y0349488D01*
X0369609Y0349490D01*
X0369697Y0349488D01*
X0369785Y0349482D01*
X0369873Y0349472D01*
X0369961Y0349458D01*
X0370047Y0349441D01*
X0370133Y0349419D01*
X0370217Y0349394D01*
X0370301Y0349364D01*
X0370383Y0349332D01*
X0370463Y0349295D01*
X0370542Y0349255D01*
X0370619Y0349211D01*
X0370694Y0349164D01*
X0370766Y0349114D01*
X0370837Y0349060D01*
X0370904Y0349004D01*
X0370970Y0348944D01*
X0371032Y0348882D01*
X0371092Y0348816D01*
X0371148Y0348749D01*
X0371202Y0348678D01*
X0371252Y0348606D01*
X0371299Y0348531D01*
X0371343Y0348454D01*
X0371383Y0348375D01*
X0371420Y0348295D01*
X0371452Y0348213D01*
X0371482Y0348129D01*
X0371507Y0348045D01*
X0371529Y0347959D01*
X0371546Y0347873D01*
X0371560Y0347785D01*
X0371570Y0347697D01*
X0371576Y0347609D01*
X0371578Y0347521D01*
X0371576Y0347433D01*
X0371570Y0347345D01*
X0371560Y0347257D01*
X0371546Y0347169D01*
X0371529Y0347083D01*
X0371507Y0346997D01*
X0371482Y0346913D01*
X0371452Y0346829D01*
X0371420Y0346747D01*
X0371383Y0346667D01*
X0371343Y0346588D01*
X0371299Y0346511D01*
X0371252Y0346436D01*
X0371202Y0346364D01*
X0371148Y0346293D01*
X0371092Y0346226D01*
X0371032Y0346160D01*
X0370970Y0346098D01*
X0370904Y0346038D01*
X0370837Y0345982D01*
X0370766Y0345928D01*
X0370694Y0345878D01*
X0370619Y0345831D01*
X0370542Y0345787D01*
X0370463Y0345747D01*
X0370383Y0345710D01*
X0370301Y0345678D01*
X0370217Y0345648D01*
X0370133Y0345623D01*
X0370047Y0345601D01*
X0369961Y0345584D01*
X0369873Y0345570D01*
X0369785Y0345560D01*
X0369697Y0345554D01*
X0369609Y0345552D01*
X0369521Y0345554D01*
X0369433Y0345560D01*
X0369345Y0345570D01*
X0369257Y0345584D01*
X0369171Y0345601D01*
X0369085Y0345623D01*
X0369001Y0345648D01*
X0368917Y0345678D01*
X0368835Y0345710D01*
X0368755Y0345747D01*
X0368676Y0345787D01*
X0368599Y0345831D01*
X0368524Y0345878D01*
X0368452Y0345928D01*
X0368381Y0345982D01*
X0368314Y0346038D01*
X0368248Y0346098D01*
X0368186Y0346160D01*
X0368126Y0346226D01*
X0368070Y0346293D01*
X0368016Y0346364D01*
X0367966Y0346436D01*
X0367919Y0346511D01*
X0367875Y0346588D01*
X0367835Y0346667D01*
X0367798Y0346747D01*
X0367766Y0346829D01*
X0367736Y0346913D01*
X0367711Y0346997D01*
X0367689Y0347083D01*
X0367672Y0347169D01*
X0367658Y0347257D01*
X0367648Y0347345D01*
X0367642Y0347433D01*
X0367640Y0347521D01*
X0338112Y0364253D02*
X0338115Y0364495D01*
X0338124Y0364736D01*
X0338139Y0364977D01*
X0338159Y0365218D01*
X0338186Y0365458D01*
X0338219Y0365697D01*
X0338257Y0365936D01*
X0338301Y0366173D01*
X0338351Y0366410D01*
X0338407Y0366645D01*
X0338469Y0366878D01*
X0338536Y0367110D01*
X0338609Y0367341D01*
X0338687Y0367569D01*
X0338772Y0367795D01*
X0338861Y0368020D01*
X0338956Y0368242D01*
X0339057Y0368461D01*
X0339163Y0368679D01*
X0339274Y0368893D01*
X0339391Y0369105D01*
X0339512Y0369313D01*
X0339639Y0369519D01*
X0339771Y0369721D01*
X0339908Y0369921D01*
X0340049Y0370116D01*
X0340195Y0370309D01*
X0340346Y0370497D01*
X0340502Y0370682D01*
X0340662Y0370863D01*
X0340826Y0371040D01*
X0340995Y0371213D01*
X0341168Y0371382D01*
X0341345Y0371546D01*
X0341526Y0371706D01*
X0341711Y0371862D01*
X0341899Y0372013D01*
X0342092Y0372159D01*
X0342287Y0372300D01*
X0342487Y0372437D01*
X0342689Y0372569D01*
X0342895Y0372696D01*
X0343103Y0372817D01*
X0343315Y0372934D01*
X0343529Y0373045D01*
X0343747Y0373151D01*
X0343966Y0373252D01*
X0344188Y0373347D01*
X0344413Y0373436D01*
X0344639Y0373521D01*
X0344867Y0373599D01*
X0345098Y0373672D01*
X0345330Y0373739D01*
X0345563Y0373801D01*
X0345798Y0373857D01*
X0346035Y0373907D01*
X0346272Y0373951D01*
X0346511Y0373989D01*
X0346750Y0374022D01*
X0346990Y0374049D01*
X0347231Y0374069D01*
X0347472Y0374084D01*
X0347713Y0374093D01*
X0347955Y0374096D01*
X0348197Y0374093D01*
X0348438Y0374084D01*
X0348679Y0374069D01*
X0348920Y0374049D01*
X0349160Y0374022D01*
X0349399Y0373989D01*
X0349638Y0373951D01*
X0349875Y0373907D01*
X0350112Y0373857D01*
X0350347Y0373801D01*
X0350580Y0373739D01*
X0350812Y0373672D01*
X0351043Y0373599D01*
X0351271Y0373521D01*
X0351497Y0373436D01*
X0351722Y0373347D01*
X0351944Y0373252D01*
X0352163Y0373151D01*
X0352381Y0373045D01*
X0352595Y0372934D01*
X0352807Y0372817D01*
X0353015Y0372696D01*
X0353221Y0372569D01*
X0353423Y0372437D01*
X0353623Y0372300D01*
X0353818Y0372159D01*
X0354011Y0372013D01*
X0354199Y0371862D01*
X0354384Y0371706D01*
X0354565Y0371546D01*
X0354742Y0371382D01*
X0354915Y0371213D01*
X0355084Y0371040D01*
X0355248Y0370863D01*
X0355408Y0370682D01*
X0355564Y0370497D01*
X0355715Y0370309D01*
X0355861Y0370116D01*
X0356002Y0369921D01*
X0356139Y0369721D01*
X0356271Y0369519D01*
X0356398Y0369313D01*
X0356519Y0369105D01*
X0356636Y0368893D01*
X0356747Y0368679D01*
X0356853Y0368461D01*
X0356954Y0368242D01*
X0357049Y0368020D01*
X0357138Y0367795D01*
X0357223Y0367569D01*
X0357301Y0367341D01*
X0357374Y0367110D01*
X0357441Y0366878D01*
X0357503Y0366645D01*
X0357559Y0366410D01*
X0357609Y0366173D01*
X0357653Y0365936D01*
X0357691Y0365697D01*
X0357724Y0365458D01*
X0357751Y0365218D01*
X0357771Y0364977D01*
X0357786Y0364736D01*
X0357795Y0364495D01*
X0357798Y0364253D01*
X0357795Y0364011D01*
X0357786Y0363770D01*
X0357771Y0363529D01*
X0357751Y0363288D01*
X0357724Y0363048D01*
X0357691Y0362809D01*
X0357653Y0362570D01*
X0357609Y0362333D01*
X0357559Y0362096D01*
X0357503Y0361861D01*
X0357441Y0361628D01*
X0357374Y0361396D01*
X0357301Y0361165D01*
X0357223Y0360937D01*
X0357138Y0360711D01*
X0357049Y0360486D01*
X0356954Y0360264D01*
X0356853Y0360045D01*
X0356747Y0359827D01*
X0356636Y0359613D01*
X0356519Y0359401D01*
X0356398Y0359193D01*
X0356271Y0358987D01*
X0356139Y0358785D01*
X0356002Y0358585D01*
X0355861Y0358390D01*
X0355715Y0358197D01*
X0355564Y0358009D01*
X0355408Y0357824D01*
X0355248Y0357643D01*
X0355084Y0357466D01*
X0354915Y0357293D01*
X0354742Y0357124D01*
X0354565Y0356960D01*
X0354384Y0356800D01*
X0354199Y0356644D01*
X0354011Y0356493D01*
X0353818Y0356347D01*
X0353623Y0356206D01*
X0353423Y0356069D01*
X0353221Y0355937D01*
X0353015Y0355810D01*
X0352807Y0355689D01*
X0352595Y0355572D01*
X0352381Y0355461D01*
X0352163Y0355355D01*
X0351944Y0355254D01*
X0351722Y0355159D01*
X0351497Y0355070D01*
X0351271Y0354985D01*
X0351043Y0354907D01*
X0350812Y0354834D01*
X0350580Y0354767D01*
X0350347Y0354705D01*
X0350112Y0354649D01*
X0349875Y0354599D01*
X0349638Y0354555D01*
X0349399Y0354517D01*
X0349160Y0354484D01*
X0348920Y0354457D01*
X0348679Y0354437D01*
X0348438Y0354422D01*
X0348197Y0354413D01*
X0347955Y0354410D01*
X0347713Y0354413D01*
X0347472Y0354422D01*
X0347231Y0354437D01*
X0346990Y0354457D01*
X0346750Y0354484D01*
X0346511Y0354517D01*
X0346272Y0354555D01*
X0346035Y0354599D01*
X0345798Y0354649D01*
X0345563Y0354705D01*
X0345330Y0354767D01*
X0345098Y0354834D01*
X0344867Y0354907D01*
X0344639Y0354985D01*
X0344413Y0355070D01*
X0344188Y0355159D01*
X0343966Y0355254D01*
X0343747Y0355355D01*
X0343529Y0355461D01*
X0343315Y0355572D01*
X0343103Y0355689D01*
X0342895Y0355810D01*
X0342689Y0355937D01*
X0342487Y0356069D01*
X0342287Y0356206D01*
X0342092Y0356347D01*
X0341899Y0356493D01*
X0341711Y0356644D01*
X0341526Y0356800D01*
X0341345Y0356960D01*
X0341168Y0357124D01*
X0340995Y0357293D01*
X0340826Y0357466D01*
X0340662Y0357643D01*
X0340502Y0357824D01*
X0340346Y0358009D01*
X0340195Y0358197D01*
X0340049Y0358390D01*
X0339908Y0358585D01*
X0339771Y0358785D01*
X0339639Y0358987D01*
X0339512Y0359193D01*
X0339391Y0359401D01*
X0339274Y0359613D01*
X0339163Y0359827D01*
X0339057Y0360045D01*
X0338956Y0360264D01*
X0338861Y0360486D01*
X0338772Y0360711D01*
X0338687Y0360937D01*
X0338609Y0361165D01*
X0338536Y0361396D01*
X0338469Y0361628D01*
X0338407Y0361861D01*
X0338351Y0362096D01*
X0338301Y0362333D01*
X0338257Y0362570D01*
X0338219Y0362809D01*
X0338186Y0363048D01*
X0338159Y0363288D01*
X0338139Y0363529D01*
X0338124Y0363770D01*
X0338115Y0364011D01*
X0338112Y0364253D01*
X0313455Y0378350D02*
X0313310Y0378232D01*
X0313169Y0378111D01*
X0313030Y0377987D01*
X0312894Y0377859D01*
X0312762Y0377728D01*
X0312633Y0377594D01*
X0312507Y0377457D01*
X0312384Y0377316D01*
X0312265Y0377173D01*
X0312149Y0377027D01*
X0312037Y0376878D01*
X0311929Y0376726D01*
X0311824Y0376572D01*
X0311723Y0376416D01*
X0311626Y0376256D01*
X0311533Y0376095D01*
X0311444Y0375931D01*
X0311359Y0375766D01*
X0311278Y0375598D01*
X0311201Y0375428D01*
X0311128Y0375257D01*
X0311060Y0375084D01*
X0310995Y0374909D01*
X0310935Y0374732D01*
X0310879Y0374555D01*
X0310828Y0374375D01*
X0310781Y0374195D01*
X0310738Y0374014D01*
X0310700Y0373831D01*
X0310666Y0373648D01*
X0310636Y0373464D01*
X0310612Y0373279D01*
X0310591Y0373094D01*
X0310575Y0372909D01*
X0310564Y0372723D01*
X0310557Y0372536D01*
X0310555Y0372350D01*
X0310555Y0340600D01*
X0296776Y0340600D01*
X0296776Y0379970D01*
X0340083Y0415404D01*
X0344020Y0415404D01*
X0344020Y0403041D01*
X0341854Y0401751D02*
X0313455Y0378350D01*
X0341854Y0401751D02*
X0341994Y0401866D01*
X0342136Y0401977D01*
X0342281Y0402085D01*
X0342429Y0402190D01*
X0342578Y0402291D01*
X0342730Y0402389D01*
X0342885Y0402483D01*
X0343041Y0402574D01*
X0343199Y0402661D01*
X0343360Y0402745D01*
X0343522Y0402825D01*
X0343686Y0402901D01*
X0343852Y0402973D01*
X0344019Y0403042D01*
X0345790Y0395650D02*
X0345792Y0395743D01*
X0345798Y0395835D01*
X0345808Y0395927D01*
X0345822Y0396018D01*
X0345839Y0396109D01*
X0345861Y0396199D01*
X0345886Y0396288D01*
X0345915Y0396376D01*
X0345948Y0396462D01*
X0345985Y0396547D01*
X0346025Y0396631D01*
X0346069Y0396712D01*
X0346116Y0396792D01*
X0346166Y0396870D01*
X0346220Y0396945D01*
X0346277Y0397018D01*
X0346337Y0397088D01*
X0346400Y0397156D01*
X0346466Y0397221D01*
X0346534Y0397283D01*
X0346605Y0397343D01*
X0346679Y0397399D01*
X0346755Y0397452D01*
X0346833Y0397501D01*
X0346913Y0397548D01*
X0346995Y0397590D01*
X0347079Y0397630D01*
X0347164Y0397665D01*
X0347251Y0397697D01*
X0347339Y0397726D01*
X0347428Y0397750D01*
X0347518Y0397771D01*
X0347609Y0397787D01*
X0347701Y0397800D01*
X0347793Y0397809D01*
X0347886Y0397814D01*
X0347978Y0397815D01*
X0348071Y0397812D01*
X0348163Y0397805D01*
X0348255Y0397794D01*
X0348346Y0397779D01*
X0348437Y0397761D01*
X0348527Y0397738D01*
X0348615Y0397712D01*
X0348703Y0397682D01*
X0348789Y0397648D01*
X0348873Y0397611D01*
X0348956Y0397569D01*
X0349037Y0397525D01*
X0349117Y0397477D01*
X0349194Y0397426D01*
X0349268Y0397371D01*
X0349341Y0397313D01*
X0349411Y0397253D01*
X0349478Y0397189D01*
X0349542Y0397123D01*
X0349604Y0397053D01*
X0349662Y0396982D01*
X0349717Y0396908D01*
X0349769Y0396831D01*
X0349818Y0396752D01*
X0349864Y0396672D01*
X0349906Y0396589D01*
X0349944Y0396505D01*
X0349979Y0396419D01*
X0350010Y0396332D01*
X0350037Y0396244D01*
X0350060Y0396154D01*
X0350080Y0396064D01*
X0350096Y0395973D01*
X0350108Y0395881D01*
X0350116Y0395789D01*
X0350120Y0395696D01*
X0350120Y0395604D01*
X0350116Y0395511D01*
X0350108Y0395419D01*
X0350096Y0395327D01*
X0350080Y0395236D01*
X0350060Y0395146D01*
X0350037Y0395056D01*
X0350010Y0394968D01*
X0349979Y0394881D01*
X0349944Y0394795D01*
X0349906Y0394711D01*
X0349864Y0394628D01*
X0349818Y0394548D01*
X0349769Y0394469D01*
X0349717Y0394392D01*
X0349662Y0394318D01*
X0349604Y0394247D01*
X0349542Y0394177D01*
X0349478Y0394111D01*
X0349411Y0394047D01*
X0349341Y0393987D01*
X0349268Y0393929D01*
X0349194Y0393874D01*
X0349117Y0393823D01*
X0349038Y0393775D01*
X0348956Y0393731D01*
X0348873Y0393689D01*
X0348789Y0393652D01*
X0348703Y0393618D01*
X0348615Y0393588D01*
X0348527Y0393562D01*
X0348437Y0393539D01*
X0348346Y0393521D01*
X0348255Y0393506D01*
X0348163Y0393495D01*
X0348071Y0393488D01*
X0347978Y0393485D01*
X0347886Y0393486D01*
X0347793Y0393491D01*
X0347701Y0393500D01*
X0347609Y0393513D01*
X0347518Y0393529D01*
X0347428Y0393550D01*
X0347339Y0393574D01*
X0347251Y0393603D01*
X0347164Y0393635D01*
X0347079Y0393670D01*
X0346995Y0393710D01*
X0346913Y0393752D01*
X0346833Y0393799D01*
X0346755Y0393848D01*
X0346679Y0393901D01*
X0346605Y0393957D01*
X0346534Y0394017D01*
X0346466Y0394079D01*
X0346400Y0394144D01*
X0346337Y0394212D01*
X0346277Y0394282D01*
X0346220Y0394355D01*
X0346166Y0394430D01*
X0346116Y0394508D01*
X0346069Y0394588D01*
X0346025Y0394669D01*
X0345985Y0394753D01*
X0345948Y0394838D01*
X0345915Y0394924D01*
X0345886Y0395012D01*
X0345861Y0395101D01*
X0345839Y0395191D01*
X0345822Y0395282D01*
X0345808Y0395373D01*
X0345798Y0395465D01*
X0345792Y0395557D01*
X0345790Y0395650D01*
X0351893Y0403081D02*
X0352069Y0403012D01*
X0352242Y0402938D01*
X0352413Y0402861D01*
X0352583Y0402779D01*
X0352751Y0402693D01*
X0352916Y0402604D01*
X0353080Y0402510D01*
X0353241Y0402413D01*
X0353400Y0402312D01*
X0353556Y0402207D01*
X0353710Y0402098D01*
X0353861Y0401986D01*
X0354009Y0401870D01*
X0354155Y0401750D01*
X0367640Y0380985D02*
X0367642Y0381073D01*
X0367648Y0381161D01*
X0367658Y0381249D01*
X0367672Y0381337D01*
X0367689Y0381423D01*
X0367711Y0381509D01*
X0367736Y0381593D01*
X0367766Y0381677D01*
X0367798Y0381759D01*
X0367835Y0381839D01*
X0367875Y0381918D01*
X0367919Y0381995D01*
X0367966Y0382070D01*
X0368016Y0382142D01*
X0368070Y0382213D01*
X0368126Y0382280D01*
X0368186Y0382346D01*
X0368248Y0382408D01*
X0368314Y0382468D01*
X0368381Y0382524D01*
X0368452Y0382578D01*
X0368524Y0382628D01*
X0368599Y0382675D01*
X0368676Y0382719D01*
X0368755Y0382759D01*
X0368835Y0382796D01*
X0368917Y0382828D01*
X0369001Y0382858D01*
X0369085Y0382883D01*
X0369171Y0382905D01*
X0369257Y0382922D01*
X0369345Y0382936D01*
X0369433Y0382946D01*
X0369521Y0382952D01*
X0369609Y0382954D01*
X0369697Y0382952D01*
X0369785Y0382946D01*
X0369873Y0382936D01*
X0369961Y0382922D01*
X0370047Y0382905D01*
X0370133Y0382883D01*
X0370217Y0382858D01*
X0370301Y0382828D01*
X0370383Y0382796D01*
X0370463Y0382759D01*
X0370542Y0382719D01*
X0370619Y0382675D01*
X0370694Y0382628D01*
X0370766Y0382578D01*
X0370837Y0382524D01*
X0370904Y0382468D01*
X0370970Y0382408D01*
X0371032Y0382346D01*
X0371092Y0382280D01*
X0371148Y0382213D01*
X0371202Y0382142D01*
X0371252Y0382070D01*
X0371299Y0381995D01*
X0371343Y0381918D01*
X0371383Y0381839D01*
X0371420Y0381759D01*
X0371452Y0381677D01*
X0371482Y0381593D01*
X0371507Y0381509D01*
X0371529Y0381423D01*
X0371546Y0381337D01*
X0371560Y0381249D01*
X0371570Y0381161D01*
X0371576Y0381073D01*
X0371578Y0380985D01*
X0371576Y0380897D01*
X0371570Y0380809D01*
X0371560Y0380721D01*
X0371546Y0380633D01*
X0371529Y0380547D01*
X0371507Y0380461D01*
X0371482Y0380377D01*
X0371452Y0380293D01*
X0371420Y0380211D01*
X0371383Y0380131D01*
X0371343Y0380052D01*
X0371299Y0379975D01*
X0371252Y0379900D01*
X0371202Y0379828D01*
X0371148Y0379757D01*
X0371092Y0379690D01*
X0371032Y0379624D01*
X0370970Y0379562D01*
X0370904Y0379502D01*
X0370837Y0379446D01*
X0370766Y0379392D01*
X0370694Y0379342D01*
X0370619Y0379295D01*
X0370542Y0379251D01*
X0370463Y0379211D01*
X0370383Y0379174D01*
X0370301Y0379142D01*
X0370217Y0379112D01*
X0370133Y0379087D01*
X0370047Y0379065D01*
X0369961Y0379048D01*
X0369873Y0379034D01*
X0369785Y0379024D01*
X0369697Y0379018D01*
X0369609Y0379016D01*
X0369521Y0379018D01*
X0369433Y0379024D01*
X0369345Y0379034D01*
X0369257Y0379048D01*
X0369171Y0379065D01*
X0369085Y0379087D01*
X0369001Y0379112D01*
X0368917Y0379142D01*
X0368835Y0379174D01*
X0368755Y0379211D01*
X0368676Y0379251D01*
X0368599Y0379295D01*
X0368524Y0379342D01*
X0368452Y0379392D01*
X0368381Y0379446D01*
X0368314Y0379502D01*
X0368248Y0379562D01*
X0368186Y0379624D01*
X0368126Y0379690D01*
X0368070Y0379757D01*
X0368016Y0379828D01*
X0367966Y0379900D01*
X0367919Y0379975D01*
X0367875Y0380052D01*
X0367835Y0380131D01*
X0367798Y0380211D01*
X0367766Y0380293D01*
X0367736Y0380377D01*
X0367711Y0380461D01*
X0367689Y0380547D01*
X0367672Y0380633D01*
X0367658Y0380721D01*
X0367648Y0380809D01*
X0367642Y0380897D01*
X0367640Y0380985D01*
X0382555Y0378350D02*
X0382699Y0378226D01*
X0382840Y0378099D01*
X0382978Y0377968D01*
X0383112Y0377834D01*
X0383243Y0377697D01*
X0383371Y0377557D01*
X0383496Y0377413D01*
X0383617Y0377267D01*
X0383734Y0377118D01*
X0383848Y0376966D01*
X0383958Y0376811D01*
X0384064Y0376654D01*
X0384166Y0376494D01*
X0384265Y0376332D01*
X0384360Y0376167D01*
X0384450Y0376000D01*
X0384537Y0375831D01*
X0384619Y0375660D01*
X0384697Y0375487D01*
X0384771Y0375312D01*
X0384841Y0375136D01*
X0384906Y0374957D01*
X0384967Y0374778D01*
X0385024Y0374596D01*
X0385077Y0374414D01*
X0385124Y0374230D01*
X0385168Y0374045D01*
X0385207Y0373860D01*
X0385241Y0373673D01*
X0385271Y0373485D01*
X0385297Y0373297D01*
X0385317Y0373108D01*
X0385334Y0372919D01*
X0385345Y0372730D01*
X0385352Y0372540D01*
X0385355Y0372350D01*
X0321599Y0309050D02*
X0321601Y0309155D01*
X0321607Y0309260D01*
X0321617Y0309364D01*
X0321631Y0309468D01*
X0321649Y0309572D01*
X0321671Y0309674D01*
X0321696Y0309776D01*
X0321726Y0309877D01*
X0321759Y0309976D01*
X0321796Y0310074D01*
X0321837Y0310171D01*
X0321882Y0310266D01*
X0321930Y0310359D01*
X0321981Y0310451D01*
X0322037Y0310540D01*
X0322095Y0310627D01*
X0322157Y0310712D01*
X0322221Y0310795D01*
X0322289Y0310875D01*
X0322360Y0310952D01*
X0322434Y0311026D01*
X0322511Y0311098D01*
X0322590Y0311167D01*
X0322672Y0311232D01*
X0322756Y0311295D01*
X0322843Y0311354D01*
X0322932Y0311410D01*
X0323023Y0311463D01*
X0323116Y0311512D01*
X0323210Y0311557D01*
X0323306Y0311599D01*
X0323404Y0311637D01*
X0323503Y0311671D01*
X0323604Y0311702D01*
X0323705Y0311728D01*
X0323808Y0311751D01*
X0323911Y0311770D01*
X0324015Y0311785D01*
X0324119Y0311796D01*
X0324224Y0311803D01*
X0324329Y0311806D01*
X0324434Y0311805D01*
X0324539Y0311800D01*
X0324643Y0311791D01*
X0324747Y0311778D01*
X0324851Y0311761D01*
X0324954Y0311740D01*
X0325056Y0311715D01*
X0325157Y0311687D01*
X0325256Y0311654D01*
X0325355Y0311618D01*
X0325452Y0311578D01*
X0325547Y0311535D01*
X0325641Y0311487D01*
X0325733Y0311437D01*
X0325823Y0311383D01*
X0325911Y0311325D01*
X0325996Y0311264D01*
X0326079Y0311200D01*
X0326160Y0311133D01*
X0326238Y0311063D01*
X0326313Y0310989D01*
X0326385Y0310914D01*
X0326455Y0310835D01*
X0326521Y0310754D01*
X0326585Y0310670D01*
X0326645Y0310584D01*
X0326701Y0310496D01*
X0326755Y0310405D01*
X0326805Y0310313D01*
X0326851Y0310219D01*
X0326894Y0310123D01*
X0326933Y0310025D01*
X0326968Y0309927D01*
X0326999Y0309826D01*
X0327027Y0309725D01*
X0327051Y0309623D01*
X0327071Y0309520D01*
X0327087Y0309416D01*
X0327099Y0309312D01*
X0327107Y0309207D01*
X0327111Y0309102D01*
X0327111Y0308998D01*
X0327107Y0308893D01*
X0327099Y0308788D01*
X0327087Y0308684D01*
X0327071Y0308580D01*
X0327051Y0308477D01*
X0327027Y0308375D01*
X0326999Y0308274D01*
X0326968Y0308173D01*
X0326933Y0308075D01*
X0326894Y0307977D01*
X0326851Y0307881D01*
X0326805Y0307787D01*
X0326755Y0307695D01*
X0326701Y0307604D01*
X0326645Y0307516D01*
X0326585Y0307430D01*
X0326521Y0307346D01*
X0326455Y0307265D01*
X0326385Y0307186D01*
X0326313Y0307111D01*
X0326238Y0307037D01*
X0326160Y0306967D01*
X0326079Y0306900D01*
X0325996Y0306836D01*
X0325911Y0306775D01*
X0325823Y0306717D01*
X0325733Y0306663D01*
X0325641Y0306613D01*
X0325547Y0306565D01*
X0325452Y0306522D01*
X0325355Y0306482D01*
X0325256Y0306446D01*
X0325157Y0306413D01*
X0325056Y0306385D01*
X0324954Y0306360D01*
X0324851Y0306339D01*
X0324747Y0306322D01*
X0324643Y0306309D01*
X0324539Y0306300D01*
X0324434Y0306295D01*
X0324329Y0306294D01*
X0324224Y0306297D01*
X0324119Y0306304D01*
X0324015Y0306315D01*
X0323911Y0306330D01*
X0323808Y0306349D01*
X0323705Y0306372D01*
X0323604Y0306398D01*
X0323503Y0306429D01*
X0323404Y0306463D01*
X0323306Y0306501D01*
X0323210Y0306543D01*
X0323116Y0306588D01*
X0323023Y0306637D01*
X0322932Y0306690D01*
X0322843Y0306746D01*
X0322756Y0306805D01*
X0322672Y0306868D01*
X0322590Y0306933D01*
X0322511Y0307002D01*
X0322434Y0307074D01*
X0322360Y0307148D01*
X0322289Y0307225D01*
X0322221Y0307305D01*
X0322157Y0307388D01*
X0322095Y0307473D01*
X0322037Y0307560D01*
X0321981Y0307649D01*
X0321930Y0307741D01*
X0321882Y0307834D01*
X0321837Y0307929D01*
X0321796Y0308026D01*
X0321759Y0308124D01*
X0321726Y0308223D01*
X0321696Y0308324D01*
X0321671Y0308426D01*
X0321649Y0308528D01*
X0321631Y0308632D01*
X0321617Y0308736D01*
X0321607Y0308840D01*
X0321601Y0308945D01*
X0321599Y0309050D01*
X0440045Y0175262D02*
X0440047Y0175341D01*
X0440053Y0175420D01*
X0440063Y0175499D01*
X0440077Y0175577D01*
X0440094Y0175654D01*
X0440116Y0175730D01*
X0440141Y0175805D01*
X0440171Y0175878D01*
X0440203Y0175950D01*
X0440240Y0176021D01*
X0440280Y0176089D01*
X0440323Y0176155D01*
X0440369Y0176219D01*
X0440419Y0176281D01*
X0440472Y0176340D01*
X0440527Y0176396D01*
X0440586Y0176450D01*
X0440647Y0176500D01*
X0440710Y0176548D01*
X0440776Y0176592D01*
X0440844Y0176633D01*
X0440914Y0176670D01*
X0440985Y0176704D01*
X0441059Y0176734D01*
X0441133Y0176760D01*
X0441209Y0176782D01*
X0441286Y0176801D01*
X0441364Y0176816D01*
X0441442Y0176827D01*
X0441521Y0176834D01*
X0441600Y0176837D01*
X0441679Y0176836D01*
X0441758Y0176831D01*
X0441837Y0176822D01*
X0441915Y0176809D01*
X0441992Y0176792D01*
X0442069Y0176772D01*
X0442144Y0176747D01*
X0442218Y0176719D01*
X0442291Y0176687D01*
X0442361Y0176652D01*
X0442430Y0176613D01*
X0442497Y0176570D01*
X0442562Y0176524D01*
X0442624Y0176476D01*
X0442684Y0176424D01*
X0442741Y0176369D01*
X0442795Y0176311D01*
X0442846Y0176251D01*
X0442894Y0176188D01*
X0442939Y0176123D01*
X0442981Y0176055D01*
X0443019Y0175986D01*
X0443053Y0175915D01*
X0443084Y0175842D01*
X0443112Y0175767D01*
X0443135Y0175692D01*
X0443155Y0175615D01*
X0443171Y0175538D01*
X0443183Y0175459D01*
X0443191Y0175381D01*
X0443195Y0175302D01*
X0443195Y0175222D01*
X0443191Y0175143D01*
X0443183Y0175065D01*
X0443171Y0174986D01*
X0443155Y0174909D01*
X0443135Y0174832D01*
X0443112Y0174757D01*
X0443084Y0174682D01*
X0443053Y0174609D01*
X0443019Y0174538D01*
X0442981Y0174469D01*
X0442939Y0174401D01*
X0442894Y0174336D01*
X0442846Y0174273D01*
X0442795Y0174213D01*
X0442741Y0174155D01*
X0442684Y0174100D01*
X0442624Y0174048D01*
X0442562Y0174000D01*
X0442497Y0173954D01*
X0442430Y0173911D01*
X0442361Y0173872D01*
X0442291Y0173837D01*
X0442218Y0173805D01*
X0442144Y0173777D01*
X0442069Y0173752D01*
X0441992Y0173732D01*
X0441915Y0173715D01*
X0441837Y0173702D01*
X0441758Y0173693D01*
X0441679Y0173688D01*
X0441600Y0173687D01*
X0441521Y0173690D01*
X0441442Y0173697D01*
X0441364Y0173708D01*
X0441286Y0173723D01*
X0441209Y0173742D01*
X0441133Y0173764D01*
X0441059Y0173790D01*
X0440985Y0173820D01*
X0440914Y0173854D01*
X0440844Y0173891D01*
X0440776Y0173932D01*
X0440710Y0173976D01*
X0440647Y0174024D01*
X0440586Y0174074D01*
X0440527Y0174128D01*
X0440472Y0174184D01*
X0440419Y0174243D01*
X0440369Y0174305D01*
X0440323Y0174369D01*
X0440280Y0174435D01*
X0440240Y0174503D01*
X0440203Y0174574D01*
X0440171Y0174646D01*
X0440141Y0174719D01*
X0440116Y0174794D01*
X0440094Y0174870D01*
X0440077Y0174947D01*
X0440063Y0175025D01*
X0440053Y0175104D01*
X0440047Y0175183D01*
X0440045Y0175262D01*
X0450034Y0164683D02*
X0450036Y0164776D01*
X0450042Y0164868D01*
X0450052Y0164960D01*
X0450066Y0165051D01*
X0450083Y0165142D01*
X0450105Y0165232D01*
X0450130Y0165321D01*
X0450159Y0165409D01*
X0450192Y0165495D01*
X0450229Y0165580D01*
X0450269Y0165664D01*
X0450313Y0165745D01*
X0450360Y0165825D01*
X0450410Y0165903D01*
X0450464Y0165978D01*
X0450521Y0166051D01*
X0450581Y0166121D01*
X0450644Y0166189D01*
X0450710Y0166254D01*
X0450778Y0166316D01*
X0450849Y0166376D01*
X0450923Y0166432D01*
X0450999Y0166485D01*
X0451077Y0166534D01*
X0451157Y0166581D01*
X0451239Y0166623D01*
X0451323Y0166663D01*
X0451408Y0166698D01*
X0451495Y0166730D01*
X0451583Y0166759D01*
X0451672Y0166783D01*
X0451762Y0166804D01*
X0451853Y0166820D01*
X0451945Y0166833D01*
X0452037Y0166842D01*
X0452130Y0166847D01*
X0452222Y0166848D01*
X0452315Y0166845D01*
X0452407Y0166838D01*
X0452499Y0166827D01*
X0452590Y0166812D01*
X0452681Y0166794D01*
X0452771Y0166771D01*
X0452859Y0166745D01*
X0452947Y0166715D01*
X0453033Y0166681D01*
X0453117Y0166644D01*
X0453200Y0166602D01*
X0453281Y0166558D01*
X0453361Y0166510D01*
X0453438Y0166459D01*
X0453512Y0166404D01*
X0453585Y0166346D01*
X0453655Y0166286D01*
X0453722Y0166222D01*
X0453786Y0166156D01*
X0453848Y0166086D01*
X0453906Y0166015D01*
X0453961Y0165941D01*
X0454013Y0165864D01*
X0454062Y0165785D01*
X0454108Y0165705D01*
X0454150Y0165622D01*
X0454188Y0165538D01*
X0454223Y0165452D01*
X0454254Y0165365D01*
X0454281Y0165277D01*
X0454304Y0165187D01*
X0454324Y0165097D01*
X0454340Y0165006D01*
X0454352Y0164914D01*
X0454360Y0164822D01*
X0454364Y0164729D01*
X0454364Y0164637D01*
X0454360Y0164544D01*
X0454352Y0164452D01*
X0454340Y0164360D01*
X0454324Y0164269D01*
X0454304Y0164179D01*
X0454281Y0164089D01*
X0454254Y0164001D01*
X0454223Y0163914D01*
X0454188Y0163828D01*
X0454150Y0163744D01*
X0454108Y0163661D01*
X0454062Y0163581D01*
X0454013Y0163502D01*
X0453961Y0163425D01*
X0453906Y0163351D01*
X0453848Y0163280D01*
X0453786Y0163210D01*
X0453722Y0163144D01*
X0453655Y0163080D01*
X0453585Y0163020D01*
X0453512Y0162962D01*
X0453438Y0162907D01*
X0453361Y0162856D01*
X0453282Y0162808D01*
X0453200Y0162764D01*
X0453117Y0162722D01*
X0453033Y0162685D01*
X0452947Y0162651D01*
X0452859Y0162621D01*
X0452771Y0162595D01*
X0452681Y0162572D01*
X0452590Y0162554D01*
X0452499Y0162539D01*
X0452407Y0162528D01*
X0452315Y0162521D01*
X0452222Y0162518D01*
X0452130Y0162519D01*
X0452037Y0162524D01*
X0451945Y0162533D01*
X0451853Y0162546D01*
X0451762Y0162562D01*
X0451672Y0162583D01*
X0451583Y0162607D01*
X0451495Y0162636D01*
X0451408Y0162668D01*
X0451323Y0162703D01*
X0451239Y0162743D01*
X0451157Y0162785D01*
X0451077Y0162832D01*
X0450999Y0162881D01*
X0450923Y0162934D01*
X0450849Y0162990D01*
X0450778Y0163050D01*
X0450710Y0163112D01*
X0450644Y0163177D01*
X0450581Y0163245D01*
X0450521Y0163315D01*
X0450464Y0163388D01*
X0450410Y0163463D01*
X0450360Y0163541D01*
X0450313Y0163621D01*
X0450269Y0163702D01*
X0450229Y0163786D01*
X0450192Y0163871D01*
X0450159Y0163957D01*
X0450130Y0164045D01*
X0450105Y0164134D01*
X0450083Y0164224D01*
X0450066Y0164315D01*
X0450052Y0164406D01*
X0450042Y0164498D01*
X0450036Y0164590D01*
X0450034Y0164683D01*
X0469821Y0155550D02*
X0469823Y0155678D01*
X0469829Y0155806D01*
X0469839Y0155933D01*
X0469853Y0156061D01*
X0469870Y0156187D01*
X0469892Y0156313D01*
X0469918Y0156439D01*
X0469947Y0156563D01*
X0469980Y0156687D01*
X0470017Y0156809D01*
X0470058Y0156930D01*
X0470103Y0157050D01*
X0470151Y0157169D01*
X0470203Y0157286D01*
X0470259Y0157401D01*
X0470318Y0157515D01*
X0470380Y0157626D01*
X0470446Y0157736D01*
X0470515Y0157843D01*
X0470588Y0157949D01*
X0470664Y0158052D01*
X0470743Y0158152D01*
X0470825Y0158251D01*
X0470910Y0158346D01*
X0470998Y0158439D01*
X0471089Y0158529D01*
X0471182Y0158616D01*
X0471279Y0158701D01*
X0471377Y0158782D01*
X0471479Y0158860D01*
X0471582Y0158935D01*
X0471688Y0159007D01*
X0471796Y0159076D01*
X0471906Y0159141D01*
X0472019Y0159202D01*
X0472133Y0159261D01*
X0472248Y0159315D01*
X0472366Y0159366D01*
X0472484Y0159414D01*
X0472605Y0159457D01*
X0472726Y0159497D01*
X0472849Y0159533D01*
X0472973Y0159566D01*
X0473098Y0159594D01*
X0473223Y0159619D01*
X0473349Y0159639D01*
X0473476Y0159656D01*
X0473604Y0159669D01*
X0473731Y0159678D01*
X0473859Y0159683D01*
X0473987Y0159684D01*
X0474115Y0159681D01*
X0474243Y0159674D01*
X0474370Y0159663D01*
X0474497Y0159648D01*
X0474624Y0159630D01*
X0474750Y0159607D01*
X0474875Y0159580D01*
X0474999Y0159550D01*
X0475122Y0159516D01*
X0475245Y0159478D01*
X0475366Y0159436D01*
X0475485Y0159390D01*
X0475603Y0159341D01*
X0475720Y0159288D01*
X0475835Y0159232D01*
X0475948Y0159172D01*
X0476059Y0159109D01*
X0476168Y0159042D01*
X0476275Y0158972D01*
X0476380Y0158898D01*
X0476482Y0158822D01*
X0476582Y0158742D01*
X0476680Y0158659D01*
X0476775Y0158573D01*
X0476867Y0158484D01*
X0476956Y0158393D01*
X0477043Y0158299D01*
X0477126Y0158202D01*
X0477207Y0158102D01*
X0477284Y0158001D01*
X0477359Y0157896D01*
X0477430Y0157790D01*
X0477497Y0157681D01*
X0477562Y0157571D01*
X0477622Y0157458D01*
X0477680Y0157344D01*
X0477733Y0157228D01*
X0477783Y0157110D01*
X0477830Y0156991D01*
X0477873Y0156870D01*
X0477912Y0156748D01*
X0477947Y0156625D01*
X0477978Y0156501D01*
X0478006Y0156376D01*
X0478029Y0156250D01*
X0478049Y0156124D01*
X0478065Y0155997D01*
X0478077Y0155870D01*
X0478085Y0155742D01*
X0478089Y0155614D01*
X0478089Y0155486D01*
X0478085Y0155358D01*
X0478077Y0155230D01*
X0478065Y0155103D01*
X0478049Y0154976D01*
X0478029Y0154850D01*
X0478006Y0154724D01*
X0477978Y0154599D01*
X0477947Y0154475D01*
X0477912Y0154352D01*
X0477873Y0154230D01*
X0477830Y0154109D01*
X0477783Y0153990D01*
X0477733Y0153872D01*
X0477680Y0153756D01*
X0477622Y0153642D01*
X0477562Y0153529D01*
X0477497Y0153419D01*
X0477430Y0153310D01*
X0477359Y0153204D01*
X0477284Y0153099D01*
X0477207Y0152998D01*
X0477126Y0152898D01*
X0477043Y0152801D01*
X0476956Y0152707D01*
X0476867Y0152616D01*
X0476775Y0152527D01*
X0476680Y0152441D01*
X0476582Y0152358D01*
X0476482Y0152278D01*
X0476380Y0152202D01*
X0476275Y0152128D01*
X0476168Y0152058D01*
X0476059Y0151991D01*
X0475948Y0151928D01*
X0475835Y0151868D01*
X0475720Y0151812D01*
X0475603Y0151759D01*
X0475485Y0151710D01*
X0475366Y0151664D01*
X0475245Y0151622D01*
X0475122Y0151584D01*
X0474999Y0151550D01*
X0474875Y0151520D01*
X0474750Y0151493D01*
X0474624Y0151470D01*
X0474497Y0151452D01*
X0474370Y0151437D01*
X0474243Y0151426D01*
X0474115Y0151419D01*
X0473987Y0151416D01*
X0473859Y0151417D01*
X0473731Y0151422D01*
X0473604Y0151431D01*
X0473476Y0151444D01*
X0473349Y0151461D01*
X0473223Y0151481D01*
X0473098Y0151506D01*
X0472973Y0151534D01*
X0472849Y0151567D01*
X0472726Y0151603D01*
X0472605Y0151643D01*
X0472484Y0151686D01*
X0472366Y0151734D01*
X0472248Y0151785D01*
X0472133Y0151839D01*
X0472019Y0151898D01*
X0471906Y0151959D01*
X0471796Y0152024D01*
X0471688Y0152093D01*
X0471582Y0152165D01*
X0471479Y0152240D01*
X0471377Y0152318D01*
X0471279Y0152399D01*
X0471182Y0152484D01*
X0471089Y0152571D01*
X0470998Y0152661D01*
X0470910Y0152754D01*
X0470825Y0152849D01*
X0470743Y0152948D01*
X0470664Y0153048D01*
X0470588Y0153151D01*
X0470515Y0153257D01*
X0470446Y0153364D01*
X0470380Y0153474D01*
X0470318Y0153585D01*
X0470259Y0153699D01*
X0470203Y0153814D01*
X0470151Y0153931D01*
X0470103Y0154050D01*
X0470058Y0154170D01*
X0470017Y0154291D01*
X0469980Y0154413D01*
X0469947Y0154537D01*
X0469918Y0154661D01*
X0469892Y0154787D01*
X0469870Y0154913D01*
X0469853Y0155039D01*
X0469839Y0155167D01*
X0469829Y0155294D01*
X0469823Y0155422D01*
X0469821Y0155550D01*
X0475955Y0143750D02*
X0476146Y0143752D01*
X0476337Y0143759D01*
X0476527Y0143771D01*
X0476717Y0143787D01*
X0476907Y0143808D01*
X0477096Y0143833D01*
X0477285Y0143863D01*
X0477473Y0143897D01*
X0477660Y0143936D01*
X0477846Y0143980D01*
X0478030Y0144027D01*
X0478214Y0144080D01*
X0478396Y0144137D01*
X0478577Y0144198D01*
X0478756Y0144263D01*
X0478934Y0144333D01*
X0479110Y0144407D01*
X0479284Y0144486D01*
X0479456Y0144568D01*
X0479626Y0144655D01*
X0479794Y0144746D01*
X0479960Y0144840D01*
X0480123Y0144939D01*
X0480284Y0145042D01*
X0480443Y0145148D01*
X0480599Y0145259D01*
X0480752Y0145373D01*
X0480902Y0145491D01*
X0481049Y0145612D01*
X0481194Y0145737D01*
X0481335Y0145865D01*
X0481473Y0145997D01*
X0481608Y0146132D01*
X0481740Y0146270D01*
X0481868Y0146411D01*
X0481993Y0146556D01*
X0482114Y0146703D01*
X0482232Y0146853D01*
X0482346Y0147006D01*
X0482457Y0147162D01*
X0482563Y0147321D01*
X0482666Y0147482D01*
X0482765Y0147645D01*
X0482859Y0147811D01*
X0482950Y0147979D01*
X0483037Y0148149D01*
X0483119Y0148321D01*
X0483198Y0148495D01*
X0483272Y0148671D01*
X0483342Y0148849D01*
X0483407Y0149028D01*
X0483468Y0149209D01*
X0483525Y0149391D01*
X0483578Y0149575D01*
X0483625Y0149759D01*
X0483669Y0149945D01*
X0483708Y0150132D01*
X0483742Y0150320D01*
X0483772Y0150509D01*
X0483797Y0150698D01*
X0483818Y0150888D01*
X0483834Y0151078D01*
X0483846Y0151268D01*
X0483853Y0151459D01*
X0483855Y0151650D01*
X0483855Y0175246D01*
X0497563Y0175246D01*
X0497563Y0131939D01*
X0422760Y0131939D01*
X0422760Y0143750D01*
X0475955Y0143750D01*
X0483855Y0183120D02*
X0497563Y0183120D01*
X0497563Y0194931D01*
X0529059Y0194931D01*
X0529059Y0206750D01*
X0483855Y0206750D01*
X0483855Y0183120D01*
X0536933Y0194931D02*
X0536933Y0206750D01*
X0632355Y0206750D01*
X0632462Y0206752D01*
X0632569Y0206758D01*
X0632676Y0206767D01*
X0632782Y0206781D01*
X0632888Y0206798D01*
X0632993Y0206819D01*
X0633097Y0206843D01*
X0633200Y0206872D01*
X0633302Y0206904D01*
X0633403Y0206939D01*
X0633503Y0206978D01*
X0633601Y0207021D01*
X0633698Y0207067D01*
X0633793Y0207117D01*
X0633886Y0207170D01*
X0633977Y0207226D01*
X0634066Y0207286D01*
X0634153Y0207348D01*
X0634237Y0207414D01*
X0634320Y0207483D01*
X0634399Y0207554D01*
X0634476Y0207629D01*
X0634551Y0207706D01*
X0634622Y0207785D01*
X0634691Y0207868D01*
X0634757Y0207952D01*
X0634819Y0208039D01*
X0634879Y0208128D01*
X0634935Y0208219D01*
X0634988Y0208312D01*
X0635038Y0208407D01*
X0635084Y0208504D01*
X0635127Y0208602D01*
X0635166Y0208702D01*
X0635201Y0208803D01*
X0635233Y0208905D01*
X0635262Y0209008D01*
X0635286Y0209112D01*
X0635307Y0209217D01*
X0635324Y0209323D01*
X0635338Y0209429D01*
X0635347Y0209536D01*
X0635353Y0209643D01*
X0635355Y0209750D01*
X0635355Y0210679D01*
X0647169Y0210679D01*
X0647169Y0194931D01*
X0536933Y0194931D01*
X0536933Y0224450D02*
X0536933Y0238238D01*
X0647169Y0238238D01*
X0647169Y0218553D01*
X0635355Y0218553D01*
X0635355Y0221450D01*
X0635353Y0221557D01*
X0635347Y0221664D01*
X0635338Y0221771D01*
X0635324Y0221877D01*
X0635307Y0221983D01*
X0635286Y0222088D01*
X0635262Y0222192D01*
X0635233Y0222295D01*
X0635201Y0222397D01*
X0635166Y0222498D01*
X0635127Y0222598D01*
X0635084Y0222696D01*
X0635038Y0222793D01*
X0634988Y0222888D01*
X0634935Y0222981D01*
X0634879Y0223072D01*
X0634819Y0223161D01*
X0634757Y0223248D01*
X0634691Y0223332D01*
X0634622Y0223415D01*
X0634551Y0223494D01*
X0634476Y0223571D01*
X0634399Y0223646D01*
X0634320Y0223717D01*
X0634237Y0223786D01*
X0634153Y0223852D01*
X0634066Y0223914D01*
X0633977Y0223974D01*
X0633886Y0224030D01*
X0633793Y0224083D01*
X0633698Y0224133D01*
X0633601Y0224179D01*
X0633503Y0224222D01*
X0633403Y0224261D01*
X0633302Y0224296D01*
X0633200Y0224328D01*
X0633097Y0224357D01*
X0632993Y0224381D01*
X0632888Y0224402D01*
X0632782Y0224419D01*
X0632676Y0224433D01*
X0632569Y0224442D01*
X0632462Y0224448D01*
X0632355Y0224450D01*
X0536933Y0224450D01*
X0607701Y0163435D02*
X0607703Y0163562D01*
X0607709Y0163688D01*
X0607719Y0163815D01*
X0607733Y0163941D01*
X0607751Y0164066D01*
X0607772Y0164191D01*
X0607798Y0164315D01*
X0607828Y0164438D01*
X0607861Y0164561D01*
X0607898Y0164682D01*
X0607940Y0164802D01*
X0607984Y0164920D01*
X0608033Y0165037D01*
X0608085Y0165153D01*
X0608141Y0165267D01*
X0608200Y0165379D01*
X0608263Y0165489D01*
X0608329Y0165597D01*
X0608399Y0165703D01*
X0608472Y0165807D01*
X0608548Y0165908D01*
X0608627Y0166007D01*
X0608709Y0166103D01*
X0608795Y0166197D01*
X0608883Y0166288D01*
X0608974Y0166376D01*
X0609068Y0166462D01*
X0609164Y0166544D01*
X0609263Y0166623D01*
X0609364Y0166699D01*
X0609468Y0166772D01*
X0609574Y0166842D01*
X0609682Y0166908D01*
X0609792Y0166971D01*
X0609904Y0167030D01*
X0610018Y0167086D01*
X0610134Y0167138D01*
X0610251Y0167187D01*
X0610369Y0167231D01*
X0610489Y0167273D01*
X0610610Y0167310D01*
X0610733Y0167343D01*
X0610856Y0167373D01*
X0610980Y0167399D01*
X0611105Y0167420D01*
X0611230Y0167438D01*
X0611356Y0167452D01*
X0611483Y0167462D01*
X0611609Y0167468D01*
X0611736Y0167470D01*
X0611863Y0167468D01*
X0611989Y0167462D01*
X0612116Y0167452D01*
X0612242Y0167438D01*
X0612367Y0167420D01*
X0612492Y0167399D01*
X0612616Y0167373D01*
X0612739Y0167343D01*
X0612862Y0167310D01*
X0612983Y0167273D01*
X0613103Y0167231D01*
X0613221Y0167187D01*
X0613338Y0167138D01*
X0613454Y0167086D01*
X0613568Y0167030D01*
X0613680Y0166971D01*
X0613790Y0166908D01*
X0613898Y0166842D01*
X0614004Y0166772D01*
X0614108Y0166699D01*
X0614209Y0166623D01*
X0614308Y0166544D01*
X0614404Y0166462D01*
X0614498Y0166376D01*
X0614589Y0166288D01*
X0614677Y0166197D01*
X0614763Y0166103D01*
X0614845Y0166007D01*
X0614924Y0165908D01*
X0615000Y0165807D01*
X0615073Y0165703D01*
X0615143Y0165597D01*
X0615209Y0165489D01*
X0615272Y0165379D01*
X0615331Y0165267D01*
X0615387Y0165153D01*
X0615439Y0165037D01*
X0615488Y0164920D01*
X0615532Y0164802D01*
X0615574Y0164682D01*
X0615611Y0164561D01*
X0615644Y0164438D01*
X0615674Y0164315D01*
X0615700Y0164191D01*
X0615721Y0164066D01*
X0615739Y0163941D01*
X0615753Y0163815D01*
X0615763Y0163688D01*
X0615769Y0163562D01*
X0615771Y0163435D01*
X0615769Y0163308D01*
X0615763Y0163182D01*
X0615753Y0163055D01*
X0615739Y0162929D01*
X0615721Y0162804D01*
X0615700Y0162679D01*
X0615674Y0162555D01*
X0615644Y0162432D01*
X0615611Y0162309D01*
X0615574Y0162188D01*
X0615532Y0162068D01*
X0615488Y0161950D01*
X0615439Y0161833D01*
X0615387Y0161717D01*
X0615331Y0161603D01*
X0615272Y0161491D01*
X0615209Y0161381D01*
X0615143Y0161273D01*
X0615073Y0161167D01*
X0615000Y0161063D01*
X0614924Y0160962D01*
X0614845Y0160863D01*
X0614763Y0160767D01*
X0614677Y0160673D01*
X0614589Y0160582D01*
X0614498Y0160494D01*
X0614404Y0160408D01*
X0614308Y0160326D01*
X0614209Y0160247D01*
X0614108Y0160171D01*
X0614004Y0160098D01*
X0613898Y0160028D01*
X0613790Y0159962D01*
X0613680Y0159899D01*
X0613568Y0159840D01*
X0613454Y0159784D01*
X0613338Y0159732D01*
X0613221Y0159683D01*
X0613103Y0159639D01*
X0612983Y0159597D01*
X0612862Y0159560D01*
X0612739Y0159527D01*
X0612616Y0159497D01*
X0612492Y0159471D01*
X0612367Y0159450D01*
X0612242Y0159432D01*
X0612116Y0159418D01*
X0611989Y0159408D01*
X0611863Y0159402D01*
X0611736Y0159400D01*
X0611609Y0159402D01*
X0611483Y0159408D01*
X0611356Y0159418D01*
X0611230Y0159432D01*
X0611105Y0159450D01*
X0610980Y0159471D01*
X0610856Y0159497D01*
X0610733Y0159527D01*
X0610610Y0159560D01*
X0610489Y0159597D01*
X0610369Y0159639D01*
X0610251Y0159683D01*
X0610134Y0159732D01*
X0610018Y0159784D01*
X0609904Y0159840D01*
X0609792Y0159899D01*
X0609682Y0159962D01*
X0609574Y0160028D01*
X0609468Y0160098D01*
X0609364Y0160171D01*
X0609263Y0160247D01*
X0609164Y0160326D01*
X0609068Y0160408D01*
X0608974Y0160494D01*
X0608883Y0160582D01*
X0608795Y0160673D01*
X0608709Y0160767D01*
X0608627Y0160863D01*
X0608548Y0160962D01*
X0608472Y0161063D01*
X0608399Y0161167D01*
X0608329Y0161273D01*
X0608263Y0161381D01*
X0608200Y0161491D01*
X0608141Y0161603D01*
X0608085Y0161717D01*
X0608033Y0161833D01*
X0607984Y0161950D01*
X0607940Y0162068D01*
X0607898Y0162188D01*
X0607861Y0162309D01*
X0607828Y0162432D01*
X0607798Y0162555D01*
X0607772Y0162679D01*
X0607751Y0162804D01*
X0607733Y0162929D01*
X0607719Y0163055D01*
X0607709Y0163182D01*
X0607703Y0163308D01*
X0607701Y0163435D01*
X0627484Y0403593D02*
X0627486Y0403786D01*
X0627493Y0403979D01*
X0627505Y0404172D01*
X0627522Y0404365D01*
X0627543Y0404557D01*
X0627569Y0404748D01*
X0627600Y0404939D01*
X0627635Y0405129D01*
X0627675Y0405318D01*
X0627720Y0405506D01*
X0627769Y0405693D01*
X0627823Y0405879D01*
X0627881Y0406063D01*
X0627944Y0406246D01*
X0628012Y0406427D01*
X0628083Y0406606D01*
X0628160Y0406784D01*
X0628240Y0406960D01*
X0628325Y0407133D01*
X0628414Y0407305D01*
X0628507Y0407474D01*
X0628604Y0407641D01*
X0628706Y0407806D01*
X0628811Y0407968D01*
X0628920Y0408127D01*
X0629034Y0408284D01*
X0629151Y0408437D01*
X0629271Y0408588D01*
X0629396Y0408736D01*
X0629524Y0408881D01*
X0629655Y0409022D01*
X0629790Y0409161D01*
X0629929Y0409296D01*
X0630070Y0409427D01*
X0630215Y0409555D01*
X0630363Y0409680D01*
X0630514Y0409800D01*
X0630667Y0409917D01*
X0630824Y0410031D01*
X0630983Y0410140D01*
X0631145Y0410245D01*
X0631310Y0410347D01*
X0631477Y0410444D01*
X0631646Y0410537D01*
X0631818Y0410626D01*
X0631991Y0410711D01*
X0632167Y0410791D01*
X0632345Y0410868D01*
X0632524Y0410939D01*
X0632705Y0411007D01*
X0632888Y0411070D01*
X0633072Y0411128D01*
X0633258Y0411182D01*
X0633445Y0411231D01*
X0633633Y0411276D01*
X0633822Y0411316D01*
X0634012Y0411351D01*
X0634203Y0411382D01*
X0634394Y0411408D01*
X0634586Y0411429D01*
X0634779Y0411446D01*
X0634972Y0411458D01*
X0635165Y0411465D01*
X0635358Y0411467D01*
X0635551Y0411465D01*
X0635744Y0411458D01*
X0635937Y0411446D01*
X0636130Y0411429D01*
X0636322Y0411408D01*
X0636513Y0411382D01*
X0636704Y0411351D01*
X0636894Y0411316D01*
X0637083Y0411276D01*
X0637271Y0411231D01*
X0637458Y0411182D01*
X0637644Y0411128D01*
X0637828Y0411070D01*
X0638011Y0411007D01*
X0638192Y0410939D01*
X0638371Y0410868D01*
X0638549Y0410791D01*
X0638725Y0410711D01*
X0638898Y0410626D01*
X0639070Y0410537D01*
X0639239Y0410444D01*
X0639406Y0410347D01*
X0639571Y0410245D01*
X0639733Y0410140D01*
X0639892Y0410031D01*
X0640049Y0409917D01*
X0640202Y0409800D01*
X0640353Y0409680D01*
X0640501Y0409555D01*
X0640646Y0409427D01*
X0640787Y0409296D01*
X0640926Y0409161D01*
X0641061Y0409022D01*
X0641192Y0408881D01*
X0641320Y0408736D01*
X0641445Y0408588D01*
X0641565Y0408437D01*
X0641682Y0408284D01*
X0641796Y0408127D01*
X0641905Y0407968D01*
X0642010Y0407806D01*
X0642112Y0407641D01*
X0642209Y0407474D01*
X0642302Y0407305D01*
X0642391Y0407133D01*
X0642476Y0406960D01*
X0642556Y0406784D01*
X0642633Y0406606D01*
X0642704Y0406427D01*
X0642772Y0406246D01*
X0642835Y0406063D01*
X0642893Y0405879D01*
X0642947Y0405693D01*
X0642996Y0405506D01*
X0643041Y0405318D01*
X0643081Y0405129D01*
X0643116Y0404939D01*
X0643147Y0404748D01*
X0643173Y0404557D01*
X0643194Y0404365D01*
X0643211Y0404172D01*
X0643223Y0403979D01*
X0643230Y0403786D01*
X0643232Y0403593D01*
X0643230Y0403400D01*
X0643223Y0403207D01*
X0643211Y0403014D01*
X0643194Y0402821D01*
X0643173Y0402629D01*
X0643147Y0402438D01*
X0643116Y0402247D01*
X0643081Y0402057D01*
X0643041Y0401868D01*
X0642996Y0401680D01*
X0642947Y0401493D01*
X0642893Y0401307D01*
X0642835Y0401123D01*
X0642772Y0400940D01*
X0642704Y0400759D01*
X0642633Y0400580D01*
X0642556Y0400402D01*
X0642476Y0400226D01*
X0642391Y0400053D01*
X0642302Y0399881D01*
X0642209Y0399712D01*
X0642112Y0399545D01*
X0642010Y0399380D01*
X0641905Y0399218D01*
X0641796Y0399059D01*
X0641682Y0398902D01*
X0641565Y0398749D01*
X0641445Y0398598D01*
X0641320Y0398450D01*
X0641192Y0398305D01*
X0641061Y0398164D01*
X0640926Y0398025D01*
X0640787Y0397890D01*
X0640646Y0397759D01*
X0640501Y0397631D01*
X0640353Y0397506D01*
X0640202Y0397386D01*
X0640049Y0397269D01*
X0639892Y0397155D01*
X0639733Y0397046D01*
X0639571Y0396941D01*
X0639406Y0396839D01*
X0639239Y0396742D01*
X0639070Y0396649D01*
X0638898Y0396560D01*
X0638725Y0396475D01*
X0638549Y0396395D01*
X0638371Y0396318D01*
X0638192Y0396247D01*
X0638011Y0396179D01*
X0637828Y0396116D01*
X0637644Y0396058D01*
X0637458Y0396004D01*
X0637271Y0395955D01*
X0637083Y0395910D01*
X0636894Y0395870D01*
X0636704Y0395835D01*
X0636513Y0395804D01*
X0636322Y0395778D01*
X0636130Y0395757D01*
X0635937Y0395740D01*
X0635744Y0395728D01*
X0635551Y0395721D01*
X0635358Y0395719D01*
X0635165Y0395721D01*
X0634972Y0395728D01*
X0634779Y0395740D01*
X0634586Y0395757D01*
X0634394Y0395778D01*
X0634203Y0395804D01*
X0634012Y0395835D01*
X0633822Y0395870D01*
X0633633Y0395910D01*
X0633445Y0395955D01*
X0633258Y0396004D01*
X0633072Y0396058D01*
X0632888Y0396116D01*
X0632705Y0396179D01*
X0632524Y0396247D01*
X0632345Y0396318D01*
X0632167Y0396395D01*
X0631991Y0396475D01*
X0631818Y0396560D01*
X0631646Y0396649D01*
X0631477Y0396742D01*
X0631310Y0396839D01*
X0631145Y0396941D01*
X0630983Y0397046D01*
X0630824Y0397155D01*
X0630667Y0397269D01*
X0630514Y0397386D01*
X0630363Y0397506D01*
X0630215Y0397631D01*
X0630070Y0397759D01*
X0629929Y0397890D01*
X0629790Y0398025D01*
X0629655Y0398164D01*
X0629524Y0398305D01*
X0629396Y0398450D01*
X0629271Y0398598D01*
X0629151Y0398749D01*
X0629034Y0398902D01*
X0628920Y0399059D01*
X0628811Y0399218D01*
X0628706Y0399380D01*
X0628604Y0399545D01*
X0628507Y0399712D01*
X0628414Y0399881D01*
X0628325Y0400053D01*
X0628240Y0400226D01*
X0628160Y0400402D01*
X0628083Y0400580D01*
X0628012Y0400759D01*
X0627944Y0400940D01*
X0627881Y0401123D01*
X0627823Y0401307D01*
X0627769Y0401493D01*
X0627720Y0401680D01*
X0627675Y0401868D01*
X0627635Y0402057D01*
X0627600Y0402247D01*
X0627569Y0402438D01*
X0627543Y0402629D01*
X0627522Y0402821D01*
X0627505Y0403014D01*
X0627493Y0403207D01*
X0627486Y0403400D01*
X0627484Y0403593D01*
X0361658Y0324049D02*
X0357559Y0329917D01*
X0353555Y0335850D01*
X0076205Y0379970D02*
X0076207Y0380097D01*
X0076213Y0380223D01*
X0076223Y0380350D01*
X0076237Y0380476D01*
X0076255Y0380601D01*
X0076276Y0380726D01*
X0076302Y0380850D01*
X0076332Y0380973D01*
X0076365Y0381096D01*
X0076402Y0381217D01*
X0076444Y0381337D01*
X0076488Y0381455D01*
X0076537Y0381572D01*
X0076589Y0381688D01*
X0076645Y0381802D01*
X0076704Y0381914D01*
X0076767Y0382024D01*
X0076833Y0382132D01*
X0076903Y0382238D01*
X0076976Y0382342D01*
X0077052Y0382443D01*
X0077131Y0382542D01*
X0077213Y0382638D01*
X0077299Y0382732D01*
X0077387Y0382823D01*
X0077478Y0382911D01*
X0077572Y0382997D01*
X0077668Y0383079D01*
X0077767Y0383158D01*
X0077868Y0383234D01*
X0077972Y0383307D01*
X0078078Y0383377D01*
X0078186Y0383443D01*
X0078296Y0383506D01*
X0078408Y0383565D01*
X0078522Y0383621D01*
X0078638Y0383673D01*
X0078755Y0383722D01*
X0078873Y0383766D01*
X0078993Y0383808D01*
X0079114Y0383845D01*
X0079237Y0383878D01*
X0079360Y0383908D01*
X0079484Y0383934D01*
X0079609Y0383955D01*
X0079734Y0383973D01*
X0079860Y0383987D01*
X0079987Y0383997D01*
X0080113Y0384003D01*
X0080240Y0384005D01*
X0080367Y0384003D01*
X0080493Y0383997D01*
X0080620Y0383987D01*
X0080746Y0383973D01*
X0080871Y0383955D01*
X0080996Y0383934D01*
X0081120Y0383908D01*
X0081243Y0383878D01*
X0081366Y0383845D01*
X0081487Y0383808D01*
X0081607Y0383766D01*
X0081725Y0383722D01*
X0081842Y0383673D01*
X0081958Y0383621D01*
X0082072Y0383565D01*
X0082184Y0383506D01*
X0082294Y0383443D01*
X0082402Y0383377D01*
X0082508Y0383307D01*
X0082612Y0383234D01*
X0082713Y0383158D01*
X0082812Y0383079D01*
X0082908Y0382997D01*
X0083002Y0382911D01*
X0083093Y0382823D01*
X0083181Y0382732D01*
X0083267Y0382638D01*
X0083349Y0382542D01*
X0083428Y0382443D01*
X0083504Y0382342D01*
X0083577Y0382238D01*
X0083647Y0382132D01*
X0083713Y0382024D01*
X0083776Y0381914D01*
X0083835Y0381802D01*
X0083891Y0381688D01*
X0083943Y0381572D01*
X0083992Y0381455D01*
X0084036Y0381337D01*
X0084078Y0381217D01*
X0084115Y0381096D01*
X0084148Y0380973D01*
X0084178Y0380850D01*
X0084204Y0380726D01*
X0084225Y0380601D01*
X0084243Y0380476D01*
X0084257Y0380350D01*
X0084267Y0380223D01*
X0084273Y0380097D01*
X0084275Y0379970D01*
X0084273Y0379843D01*
X0084267Y0379717D01*
X0084257Y0379590D01*
X0084243Y0379464D01*
X0084225Y0379339D01*
X0084204Y0379214D01*
X0084178Y0379090D01*
X0084148Y0378967D01*
X0084115Y0378844D01*
X0084078Y0378723D01*
X0084036Y0378603D01*
X0083992Y0378485D01*
X0083943Y0378368D01*
X0083891Y0378252D01*
X0083835Y0378138D01*
X0083776Y0378026D01*
X0083713Y0377916D01*
X0083647Y0377808D01*
X0083577Y0377702D01*
X0083504Y0377598D01*
X0083428Y0377497D01*
X0083349Y0377398D01*
X0083267Y0377302D01*
X0083181Y0377208D01*
X0083093Y0377117D01*
X0083002Y0377029D01*
X0082908Y0376943D01*
X0082812Y0376861D01*
X0082713Y0376782D01*
X0082612Y0376706D01*
X0082508Y0376633D01*
X0082402Y0376563D01*
X0082294Y0376497D01*
X0082184Y0376434D01*
X0082072Y0376375D01*
X0081958Y0376319D01*
X0081842Y0376267D01*
X0081725Y0376218D01*
X0081607Y0376174D01*
X0081487Y0376132D01*
X0081366Y0376095D01*
X0081243Y0376062D01*
X0081120Y0376032D01*
X0080996Y0376006D01*
X0080871Y0375985D01*
X0080746Y0375967D01*
X0080620Y0375953D01*
X0080493Y0375943D01*
X0080367Y0375937D01*
X0080240Y0375935D01*
X0080113Y0375937D01*
X0079987Y0375943D01*
X0079860Y0375953D01*
X0079734Y0375967D01*
X0079609Y0375985D01*
X0079484Y0376006D01*
X0079360Y0376032D01*
X0079237Y0376062D01*
X0079114Y0376095D01*
X0078993Y0376132D01*
X0078873Y0376174D01*
X0078755Y0376218D01*
X0078638Y0376267D01*
X0078522Y0376319D01*
X0078408Y0376375D01*
X0078296Y0376434D01*
X0078186Y0376497D01*
X0078078Y0376563D01*
X0077972Y0376633D01*
X0077868Y0376706D01*
X0077767Y0376782D01*
X0077668Y0376861D01*
X0077572Y0376943D01*
X0077478Y0377029D01*
X0077387Y0377117D01*
X0077299Y0377208D01*
X0077213Y0377302D01*
X0077131Y0377398D01*
X0077052Y0377497D01*
X0076976Y0377598D01*
X0076903Y0377702D01*
X0076833Y0377808D01*
X0076767Y0377916D01*
X0076704Y0378026D01*
X0076645Y0378138D01*
X0076589Y0378252D01*
X0076537Y0378368D01*
X0076488Y0378485D01*
X0076444Y0378603D01*
X0076402Y0378723D01*
X0076365Y0378844D01*
X0076332Y0378967D01*
X0076302Y0379090D01*
X0076276Y0379214D01*
X0076255Y0379339D01*
X0076237Y0379464D01*
X0076223Y0379590D01*
X0076213Y0379717D01*
X0076207Y0379843D01*
X0076205Y0379970D01*
M02*
